#
# A fatal error has been detected by the Java Runtime Environment:
#
#  SIGSEGV (0xb) at pc=0x000000010b497688, pid=42578, tid=259
#
# JRE version: OpenJDK Runtime Environment Zulu11.54+23-CA (11.0.14+9) (build 11.0.14+9-LTS)
# Java VM: OpenJDK 64-Bit Server VM Zulu11.54+23-CA (11.0.14+9-LTS, mixed mode, tiered, compressed oops, g1 gc, bsd-aarch64)
# Problematic frame:
# J 601 c1 Duke.<init>()V (16 bytes) @ 0x000000010b497688 [0x000000010b497640+0x0000000000000048]
#
# No core dump will be written. Core dumps have been disabled. To enable core dumping, try "ulimit -c unlimited" before starting Java again
#
# If you would like to submit a bug report, please visit:
#   http://www.azul.com/support/
#

---------------  S U M M A R Y ------------

Command Line: -Dfile.encoding=UTF-8 -Duser.country=SG -Duser.language=en -Duser.variant Launcher

Host: MacBookAir10,1 arm64 1 MHz, 8 cores, 16G, Darwin 21.1.0
Time: Sun Feb  6 01:03:42 2022 +08 elapsed time: 0.260368 seconds (0d 0h 0m 0s)

---------------  T H R E A D  ---------------

Current thread (0x000000011faa7800):  JavaThread "JavaFX Application Thread" [_thread_in_Java, id=259, stack(0x000000016d4e8000,0x000000016f4e8000)]

Stack: [0x000000016d4e8000,0x000000016f4e8000],  sp=0x000000016ecfff70,  free space=24671k
Native frames: (J=compiled Java code, A=aot compiled Java code, j=interpreted, Vv=VM code, C=native code)
J 601 c1 Duke.<init>()V (16 bytes) @ 0x000000010b497688 [0x000000010b497640+0x0000000000000048]
J 601 c1 Duke.<init>()V (16 bytes) @ 0x000000010b4978b0 [0x000000010b497640+0x0000000000000270]
J 601 c1 Duke.<init>()V (16 bytes) @ 0x000000010b4978b0 [0x000000010b497640+0x0000000000000270]
J 601 c1 Duke.<init>()V (16 bytes) @ 0x000000010b4978b0 [0x000000010b497640+0x0000000000000270]
J 601 c1 Duke.<init>()V (16 bytes) @ 0x000000010b4978b0 [0x000000010b497640+0x0000000000000270]
J 601 c1 Duke.<init>()V (16 bytes) @ 0x000000010b4978b0 [0x000000010b497640+0x0000000000000270]
J 601 c1 Duke.<init>()V (16 bytes) @ 0x000000010b4978b0 [0x000000010b497640+0x0000000000000270]
J 601 c1 Duke.<init>()V (16 bytes) @ 0x000000010b4978b0 [0x000000010b497640+0x0000000000000270]
J 601 c1 Duke.<init>()V (16 bytes) @ 0x000000010b4978b0 [0x000000010b497640+0x0000000000000270]
J 601 c1 Duke.<init>()V (16 bytes) @ 0x000000010b4978b0 [0x000000010b497640+0x0000000000000270]
J 601 c1 Duke.<init>()V (16 bytes) @ 0x000000010b4978b0 [0x000000010b497640+0x0000000000000270]
J 601 c1 Duke.<init>()V (16 bytes) @ 0x000000010b4978b0 [0x000000010b497640+0x0000000000000270]
J 601 c1 Duke.<init>()V (16 bytes) @ 0x000000010b4978b0 [0x000000010b497640+0x0000000000000270]
J 601 c1 Duke.<init>()V (16 bytes) @ 0x000000010b4978b0 [0x000000010b497640+0x0000000000000270]
J 601 c1 Duke.<init>()V (16 bytes) @ 0x000000010b4978b0 [0x000000010b497640+0x0000000000000270]
J 601 c1 Duke.<init>()V (16 bytes) @ 0x000000010b4978b0 [0x000000010b497640+0x0000000000000270]
J 601 c1 Duke.<init>()V (16 bytes) @ 0x000000010b4978b0 [0x000000010b497640+0x0000000000000270]
J 601 c1 Duke.<init>()V (16 bytes) @ 0x000000010b4978b0 [0x000000010b497640+0x0000000000000270]
J 601 c1 Duke.<init>()V (16 bytes) @ 0x000000010b4978b0 [0x000000010b497640+0x0000000000000270]
J 601 c1 Duke.<init>()V (16 bytes) @ 0x000000010b4978b0 [0x000000010b497640+0x0000000000000270]
J 601 c1 Duke.<init>()V (16 bytes) @ 0x000000010b4978b0 [0x000000010b497640+0x0000000000000270]
J 601 c1 Duke.<init>()V (16 bytes) @ 0x000000010b4978b0 [0x000000010b497640+0x0000000000000270]
J 601 c1 Duke.<init>()V (16 bytes) @ 0x000000010b4978b0 [0x000000010b497640+0x0000000000000270]
J 601 c1 Duke.<init>()V (16 bytes) @ 0x000000010b4978b0 [0x000000010b497640+0x0000000000000270]
J 601 c1 Duke.<init>()V (16 bytes) @ 0x000000010b4978b0 [0x000000010b497640+0x0000000000000270]
J 601 c1 Duke.<init>()V (16 bytes) @ 0x000000010b4978b0 [0x000000010b497640+0x0000000000000270]
J 601 c1 Duke.<init>()V (16 bytes) @ 0x000000010b4978b0 [0x000000010b497640+0x0000000000000270]
J 601 c1 Duke.<init>()V (16 bytes) @ 0x000000010b4978b0 [0x000000010b497640+0x0000000000000270]
J 601 c1 Duke.<init>()V (16 bytes) @ 0x000000010b4978b0 [0x000000010b497640+0x0000000000000270]
J 601 c1 Duke.<init>()V (16 bytes) @ 0x000000010b4978b0 [0x000000010b497640+0x0000000000000270]
J 601 c1 Duke.<init>()V (16 bytes) @ 0x000000010b4978b0 [0x000000010b497640+0x0000000000000270]
J 601 c1 Duke.<init>()V (16 bytes) @ 0x000000010b4978b0 [0x000000010b497640+0x0000000000000270]
J 601 c1 Duke.<init>()V (16 bytes) @ 0x000000010b4978b0 [0x000000010b497640+0x0000000000000270]
J 601 c1 Duke.<init>()V (16 bytes) @ 0x000000010b4978b0 [0x000000010b497640+0x0000000000000270]
J 601 c1 Duke.<init>()V (16 bytes) @ 0x000000010b4978b0 [0x000000010b497640+0x0000000000000270]
J 601 c1 Duke.<init>()V (16 bytes) @ 0x000000010b4978b0 [0x000000010b497640+0x0000000000000270]
J 601 c1 Duke.<init>()V (16 bytes) @ 0x000000010b4978b0 [0x000000010b497640+0x0000000000000270]
J 601 c1 Duke.<init>()V (16 bytes) @ 0x000000010b4978b0 [0x000000010b497640+0x0000000000000270]
J 601 c1 Duke.<init>()V (16 bytes) @ 0x000000010b4978b0 [0x000000010b497640+0x0000000000000270]
J 601 c1 Duke.<init>()V (16 bytes) @ 0x000000010b4978b0 [0x000000010b497640+0x0000000000000270]
J 601 c1 Duke.<init>()V (16 bytes) @ 0x000000010b4978b0 [0x000000010b497640+0x0000000000000270]
J 601 c1 Duke.<init>()V (16 bytes) @ 0x000000010b4978b0 [0x000000010b497640+0x0000000000000270]
J 601 c1 Duke.<init>()V (16 bytes) @ 0x000000010b4978b0 [0x000000010b497640+0x0000000000000270]
J 601 c1 Duke.<init>()V (16 bytes) @ 0x000000010b4978b0 [0x000000010b497640+0x0000000000000270]
J 601 c1 Duke.<init>()V (16 bytes) @ 0x000000010b4978b0 [0x000000010b497640+0x0000000000000270]
J 601 c1 Duke.<init>()V (16 bytes) @ 0x000000010b4978b0 [0x000000010b497640+0x0000000000000270]
J 601 c1 Duke.<init>()V (16 bytes) @ 0x000000010b4978b0 [0x000000010b497640+0x0000000000000270]
J 601 c1 Duke.<init>()V (16 bytes) @ 0x000000010b4978b0 [0x000000010b497640+0x0000000000000270]
J 601 c1 Duke.<init>()V (16 bytes) @ 0x000000010b4978b0 [0x000000010b497640+0x0000000000000270]
J 601 c1 Duke.<init>()V (16 bytes) @ 0x000000010b4978b0 [0x000000010b497640+0x0000000000000270]
J 601 c1 Duke.<init>()V (16 bytes) @ 0x000000010b4978b0 [0x000000010b497640+0x0000000000000270]
J 601 c1 Duke.<init>()V (16 bytes) @ 0x000000010b4978b0 [0x000000010b497640+0x0000000000000270]
J 601 c1 Duke.<init>()V (16 bytes) @ 0x000000010b4978b0 [0x000000010b497640+0x0000000000000270]
J 601 c1 Duke.<init>()V (16 bytes) @ 0x000000010b4978b0 [0x000000010b497640+0x0000000000000270]
J 601 c1 Duke.<init>()V (16 bytes) @ 0x000000010b4978b0 [0x000000010b497640+0x0000000000000270]
J 601 c1 Duke.<init>()V (16 bytes) @ 0x000000010b4978b0 [0x000000010b497640+0x0000000000000270]
J 601 c1 Duke.<init>()V (16 bytes) @ 0x000000010b4978b0 [0x000000010b497640+0x0000000000000270]
J 601 c1 Duke.<init>()V (16 bytes) @ 0x000000010b4978b0 [0x000000010b497640+0x0000000000000270]
J 601 c1 Duke.<init>()V (16 bytes) @ 0x000000010b4978b0 [0x000000010b497640+0x0000000000000270]
J 601 c1 Duke.<init>()V (16 bytes) @ 0x000000010b4978b0 [0x000000010b497640+0x0000000000000270]
J 601 c1 Duke.<init>()V (16 bytes) @ 0x000000010b4978b0 [0x000000010b497640+0x0000000000000270]
J 601 c1 Duke.<init>()V (16 bytes) @ 0x000000010b4978b0 [0x000000010b497640+0x0000000000000270]
J 601 c1 Duke.<init>()V (16 bytes) @ 0x000000010b4978b0 [0x000000010b497640+0x0000000000000270]
J 601 c1 Duke.<init>()V (16 bytes) @ 0x000000010b4978b0 [0x000000010b497640+0x0000000000000270]
J 601 c1 Duke.<init>()V (16 bytes) @ 0x000000010b4978b0 [0x000000010b497640+0x0000000000000270]
J 601 c1 Duke.<init>()V (16 bytes) @ 0x000000010b4978b0 [0x000000010b497640+0x0000000000000270]
J 601 c1 Duke.<init>()V (16 bytes) @ 0x000000010b4978b0 [0x000000010b497640+0x0000000000000270]
J 601 c1 Duke.<init>()V (16 bytes) @ 0x000000010b4978b0 [0x000000010b497640+0x0000000000000270]
J 601 c1 Duke.<init>()V (16 bytes) @ 0x000000010b4978b0 [0x000000010b497640+0x0000000000000270]
J 601 c1 Duke.<init>()V (16 bytes) @ 0x000000010b4978b0 [0x000000010b497640+0x0000000000000270]
J 601 c1 Duke.<init>()V (16 bytes) @ 0x000000010b4978b0 [0x000000010b497640+0x0000000000000270]
J 601 c1 Duke.<init>()V (16 bytes) @ 0x000000010b4978b0 [0x000000010b497640+0x0000000000000270]
J 601 c1 Duke.<init>()V (16 bytes) @ 0x000000010b4978b0 [0x000000010b497640+0x0000000000000270]
J 601 c1 Duke.<init>()V (16 bytes) @ 0x000000010b4978b0 [0x000000010b497640+0x0000000000000270]
J 601 c1 Duke.<init>()V (16 bytes) @ 0x000000010b4978b0 [0x000000010b497640+0x0000000000000270]
J 601 c1 Duke.<init>()V (16 bytes) @ 0x000000010b4978b0 [0x000000010b497640+0x0000000000000270]
J 601 c1 Duke.<init>()V (16 bytes) @ 0x000000010b4978b0 [0x000000010b497640+0x0000000000000270]
J 601 c1 Duke.<init>()V (16 bytes) @ 0x000000010b4978b0 [0x000000010b497640+0x0000000000000270]
J 601 c1 Duke.<init>()V (16 bytes) @ 0x000000010b4978b0 [0x000000010b497640+0x0000000000000270]
J 601 c1 Duke.<init>()V (16 bytes) @ 0x000000010b4978b0 [0x000000010b497640+0x0000000000000270]
J 601 c1 Duke.<init>()V (16 bytes) @ 0x000000010b4978b0 [0x000000010b497640+0x0000000000000270]
J 601 c1 Duke.<init>()V (16 bytes) @ 0x000000010b4978b0 [0x000000010b497640+0x0000000000000270]
J 601 c1 Duke.<init>()V (16 bytes) @ 0x000000010b4978b0 [0x000000010b497640+0x0000000000000270]
J 601 c1 Duke.<init>()V (16 bytes) @ 0x000000010b4978b0 [0x000000010b497640+0x0000000000000270]
J 601 c1 Duke.<init>()V (16 bytes) @ 0x000000010b4978b0 [0x000000010b497640+0x0000000000000270]
J 601 c1 Duke.<init>()V (16 bytes) @ 0x000000010b4978b0 [0x000000010b497640+0x0000000000000270]
J 601 c1 Duke.<init>()V (16 bytes) @ 0x000000010b4978b0 [0x000000010b497640+0x0000000000000270]
J 601 c1 Duke.<init>()V (16 bytes) @ 0x000000010b4978b0 [0x000000010b497640+0x0000000000000270]
J 601 c1 Duke.<init>()V (16 bytes) @ 0x000000010b4978b0 [0x000000010b497640+0x0000000000000270]
J 601 c1 Duke.<init>()V (16 bytes) @ 0x000000010b4978b0 [0x000000010b497640+0x0000000000000270]
J 601 c1 Duke.<init>()V (16 bytes) @ 0x000000010b4978b0 [0x000000010b497640+0x0000000000000270]
J 601 c1 Duke.<init>()V (16 bytes) @ 0x000000010b4978b0 [0x000000010b497640+0x0000000000000270]
J 601 c1 Duke.<init>()V (16 bytes) @ 0x000000010b4978b0 [0x000000010b497640+0x0000000000000270]
J 601 c1 Duke.<init>()V (16 bytes) @ 0x000000010b4978b0 [0x000000010b497640+0x0000000000000270]
J 601 c1 Duke.<init>()V (16 bytes) @ 0x000000010b4978b0 [0x000000010b497640+0x0000000000000270]
J 601 c1 Duke.<init>()V (16 bytes) @ 0x000000010b4978b0 [0x000000010b497640+0x0000000000000270]
J 601 c1 Duke.<init>()V (16 bytes) @ 0x000000010b4978b0 [0x000000010b497640+0x0000000000000270]
J 601 c1 Duke.<init>()V (16 bytes) @ 0x000000010b4978b0 [0x000000010b497640+0x0000000000000270]
J 601 c1 Duke.<init>()V (16 bytes) @ 0x000000010b4978b0 [0x000000010b497640+0x0000000000000270]
J 601 c1 Duke.<init>()V (16 bytes) @ 0x000000010b4978b0 [0x000000010b497640+0x0000000000000270]
...<more frames>...


siginfo: si_signo: 11 (SIGSEGV), si_code: 2 (SEGV_ACCERR), si_addr: 0x000000016ecebf70

Register to memory mapping:

 x0=0x00000006cf6c09b8 is an oop: Duke 
{0x00000006cf6c09b8} - klass: 'Duke'
 x1=0x00000006cf6c09b8 is an oop: Duke 
{0x00000006cf6c09b8} - klass: 'Duke'
 x2=0x00000006cf6c09b8 is an oop: Duke 
{0x00000006cf6c09b8} - klass: 'Duke'
 x3=0x000000012e400d68 is pointing into metadata
 x4=0x0000000000000001 is an unknown value
 x5=0x00000006cf6c09d0 points into unknown readable memory: 0x0000000000000000 | 00 00 00 00 00 00 00 00
 x6=0x0 is NULL
 x7=0x000000011faa7800 is a thread
 x8=0x000000000001af6a is an unknown value
 x9=