#
# A fatal error has been detected by the Java Runtime Environment:
#
#  Internal Error (safepoint.cpp:919), pid=22146, tid=34819
#  fatal error: Illegal threadstate encountered: 4
#
# JRE version: OpenJDK Runtime Environment (11.0.13+8) (build 11.0.13+8-LTS)
# Java VM: OpenJDK 64-Bit Server VM (11.0.13+8-LTS, mixed mode, tiered, compressed oops, g1 gc, bsd-aarch64)
# No core dump will be written. Core dumps have been disabled. To enable core dumping, try "ulimit -c unlimited" before starting Java again
#
# If you would like to submit a bug report, please visit:
#   https://bell-sw.com/support
# The crash happened outside the Java Virtual Machine in native code.
# See problematic frame for where to report the bug.
#

---------------  S U M M A R Y ------------

Command Line: -Dfile.encoding=UTF-8 -Duser.country=SG -Duser.language=en -Duser.variant duke.Duke

Host: MacBookPro18,2 arm64 1 MHz, 10 cores, 32G, Darwin 21.3.0
Time: Sun Feb  6 01:12:09 2022 +08 elapsed time: 7.718961 seconds (0d 0h 0m 7s)

---------------  T H R E A D  ---------------

Current thread (0x000000012b979800):  JavaThread "InvokeLaterDispatcher" daemon [_thread_in_native, id=34819, stack(0x00000001721a8000,0x00000001723ab000)]

Stack: [0x00000001721a8000,0x00000001723ab000],  sp=0x00000001723aa0a0,  free space=2056k
Native frames: (J=compiled Java code, A=aot compiled Java code, j=interpreted, Vv=VM code, C=native code)
V  [libjvm.dylib+0x6c358c]  _ZN7VMError14report_and_dieEiPKcS1_PcP6ThreadPhPvS6_S1_im+0x5f8
V  [libjvm.dylib+0x2022fc]  _Z12report_fatal11VMErrorTypePKciS1_z+0x70
V  [libjvm.dylib+0x5f2ad4]  _ZN20SafepointSynchronize5blockEP10JavaThread+0x220
V  [libjvm.dylib+0x5f4f08]  _ZN18SafepointMechanism23block_if_requested_slowEP10JavaThread+0x28
V  [libjvm.dylib+0x67c778]  _ZN10JavaThread44check_safepoint_and_suspend_for_native_transEPS_+0xa8
V  [libjvm.dylib+0x37099c]  jni_DeleteGlobalRef+0xc0
C  [libglass.dylib+0xb180]  -[GlassRunnable dealloc]+0x34
C  [Foundation+0x84c7c]  -[_NSThreadPerformInfo dealloc]+0x30
C  [Foundation+0x51578]  -[NSObject(NSThreadPerformAdditions) performSelectorOnMainThread:withObject:waitUntilDone:]+0x88
J 2023  com.sun.glass.ui.mac.MacApplication._submitForLaterInvocation(Ljava/lang/Runnable;)V javafx.graphics@11.0.13 (0 bytes) @ 0x00000001137976cc [0x0000000113797640+0x000000000000008c]
C  0x0000000100fc4168

Java frames: (J=compiled Java code, j=interpreted, Vv=VM code)
J 2023  com.sun.glass.ui.mac.MacApplication._submitForLaterInvocation(Ljava/lang/Runnable;)V javafx.graphics@11.0.13 (0 bytes) @ 0x00000001137976d0 [0x0000000113797640+0x0000000000000090]
J 2022 c1 com.sun.glass.ui.mac.MacApplication.submitForLaterInvocation(Ljava/lang/Runnable;)V javafx.graphics@11.0.13 (6 bytes) @ 0x000000010c56e3d8 [0x000000010c56e340+0x0000000000000098]
j  com.sun.glass.ui.InvokeLaterDispatcher.run()V+82 javafx.graphics@11.0.13
v  ~StubRoutines::call_stub

---------------  P R O C E S S  ---------------

Threads class SMR info:
_java_thread_list=0x0000600002a8e580, length=16, elements={
0x000000012c009000, 0x000000012a010800, 0x000000012b9ca800, 0x000000012a022800,
0x000000012a013000, 0x000000012a025800, 0x000000012980e800, 0x000000012800a800,
0x000000012b01f000, 0x000000012988d000, 0x000000012b05f800, 0x000000012b979800,
0x000000012bae4000, 0x000000012b08d800, 0x0000000129c1e000, 0x000000015a80a800
}

Java Threads: ( => current thread )
  0x000000012c009000 JavaThread "main" [_thread_blocked, id=9987, stack(0x000000016fbb8000,0x000000016fdbb000)]
  0x000000012a010800 JavaThread "Reference Handler" daemon [_thread_blocked, id=18179, stack(0x0000000170a0c000,0x0000000170c0f000)]
  0x000000012b9ca800 JavaThread "Finalizer" daemon [_thread_blocked, id=17667, stack(0x0000000170c18000,0x0000000170e1b000)]
  0x000000012a022800 JavaThread "Signal Dispatcher" daemon [_thread_blocked, id=15875, stack(0x0000000170f3c000,0x000000017113f000)]
  0x000000012a013000 JavaThread "Service Thread" daemon [_thread_blocked, id=43267, stack(0x0000000171148000,0x000000017134b000)]
  0x000000012a025800 JavaThread "C2 CompilerThread0" daemon [_thread_blocked, id=42499, stack(0x0000000171354000,0x0000000171557000)]
  0x000000012980e800 JavaThread "C1 CompilerThread0" daemon [_thread_blocked, id=22531, stack(0x0000000171560000,0x0000000171763000)]
  0x000000012800a800 JavaThread "Sweeper thread" daemon [_thread_blocked, id=23299, stack(0x000000017176c000,0x000000017196f000)]
  0x000000012b01f000 JavaThread "Common-Cleaner" daemon [_thread_blocked, id=41475, stack(0x0000000171b84000,0x0000000171d87000)]
  0x000000012988d000 JavaThread "JavaFX-Launcher" [_thread_blocked, id=24067, stack(0x0000000171d90000,0x0000000171f93000)]
  0x000000012b05f800 JavaThread "QuantumRenderer-0" daemon [_thread_blocked, id=40451, stack(0x0000000171f9c000,0x000000017219f000)]
=>0x000000012b979800 JavaThread "InvokeLaterDispatcher" daemon [_thread_in_native, id=34819, stack(0x00000001721a8000,0x00000001723ab000)]
  0x000000012bae4000 JavaThread "JavaFX Application Thread" [_thread_in_native_trans, id=259, stack(0x000000016db2c000,0x000000016fb2c000)]
  0x000000012b08d800 JavaThread "Thread-4" daemon [_thread_in_native, id=78599, stack(0x00000001724cc000,0x000000017254f000)]
  0x0000000129c1e000 JavaThread "Prism Font Disposer" daemon [_thread_blocked, id=56067, stack(0x00000001725e4000,0x00000001727e7000)]
  0x000000015a80a800 JavaThread "Cleaner-0" daemon [_thread_blocked, id=174343, stack(0x0000000280c4c000,0x0000000280e4f000)]

Other Threads:
  0x000000012b9c8000 VMThread "VM Thread" [stack: 0x0000000170800000,0x0000000170a03000] [id=18691]
  0x000000012a011800 WatcherThread [stack: 0x0000000171978000,0x0000000171b7b000] [id=42243]
  0x000000012c00a000 GCTaskThread "GC Thread#0" [stack: 0x000000016fdc4000,0x000000016ffc7000] [id=11523]
  0x0000000129c26000 GCTaskThread "GC Thread#1" [stack: 0x000000017702c000,0x000000017722f000] [id=57091]
  0x0000000129c37800 GCTaskThread "GC Thread#2" [stack: 0x0000000177238000,0x000000017743b000] [id=57347]
  0x000000012b16d800 GCTaskThread "GC Thread#3" [stack: 0x0000000177444000,0x0000000177647000] [id=57603]
  0x000000012b16e800 GCTaskThread "GC Thread#4" [stack: 0x0000000177650000,0x0000000177853000] [id=71939]
  0x000000012b16f000 GCTaskThread "GC Thread#5" [stack: 0x000000017785c000,0x0000000177a5f000] [id=71427]
  0x000000012b170000 GCTaskThread "GC Thread#6" [stack: 0x0000000177a68000,0x0000000177c6b000] [id=58371]
  0x000000012b170800 GCTaskThread "GC Thread#7" [stack: 0x0000000177c74000,0x0000000177e77000] [id=70915]
  0x000000012b171800 GCTaskThread "GC Thread#8" [stack: 0x0000000280004000,0x0000000280207000] [id=58627]
  0x000000012b848000 ConcurrentGCThread "G1 Main Marker" [stack: 0x000000016ffd0000,0x00000001701d3000] [id=11779]
  0x000000012b848800 ConcurrentGCThread "G1 Conc#0" [stack: 0x00000001701dc000,0x00000001703df000] [id=20227]
  0x0000000129c3d800 ConcurrentGCThread "G1 Conc#1" [stack: 0x0000000280210000,0x0000000280413000] [id=59139]
  0x000000012b96d800 ConcurrentGCThread "G1 Refine#0" [stack: 0x00000001703e8000,0x00000001705eb000] [id=12547]
  0x000000012b176800 ConcurrentGCThread "G1 Refine#1" [stack: 0x000000028041c000,0x000000028061f000] [id=59395]
  0x000000012bbc6800 ConcurrentGCThread "G1 Refine#2" [stack: 0x0000000280628000,0x000000028082b000] [id=69891]
  0x000000015b00b000 ConcurrentGCThread "G1 Refine#3" [stack: 0x0000000280834000,0x0000000280a37000] [id=59651]
  0x0000000129c40800 ConcurrentGCThread "G1 Refine#4" [stack: 0x0000000280a40000,0x0000000280c43000] [id=60163]
  0x000000012b96e000 ConcurrentGCThread "G1 Young RemSet Sampling" [stack: 0x00000001705f4000,0x00000001707f7000] [id=13059]

Threads with active compile tasks:

VM state:not at safepoint (normal execution)

VM Mutex/Monitor currently owned by a thread: None

Heap address: 0x00000005c0000000, size: 8192 MB, Compressed Oops mode: Zero based, Oop shift amount: 3
Narrow klass base: 0x0000000800000000, Narrow klass shift: 0
Compressed class space size: 1073741824 Address: 0x0000000800000000

Heap:
 garbage-first heap   total 524288K, used 21745K [0x00000005c0000000, 0x00000007c0000000)
  region size 2048K, 7 young (14336K), 2 survivors (4096K)
 Metaspace       used 24502K, capacity 25473K, committed 25648K, reserved 1071104K
  class space    used 3034K, capacity 3448K, committed 3456K, reserved 1048576K
Heap Regions: E=young(eden), S=young(survivor), O=old, HS=humongous(starts), HC=humongous(continues), CS=collection set, F=free, A=archive, TAMS=top-at-mark-start (previous, next)
|   0|0x00000005c0000000, 0x00000005c0200000, 0x00000005c0200000|100%|HS|  |TAMS 0x00000005c0200000, 0x00000005c0000000| Complete 
|   1|0x00000005c0200000, 0x00000005c0400000, 0x00000005c0400000|100%|HS|  |TAMS 0x00000005c0400000, 0x00000005c0200000| Complete 
|   2|0x00000005c0400000, 0x00000005c0600000, 0x00000005c0600000|100%| O|  |TAMS 0x00000005c0600000, 0x00000005c0400000| Untracked 
|   3|0x00000005c0600000, 0x00000005c073c600, 0x00000005c0800000| 61%| O|  |TAMS 0x00000005c073c600, 0x00000005c0600000| Untracked 
|   4|0x00000005c0800000, 0x00000005c0a00000, 0x00000005c0a00000|100%|HS|  |TAMS 0x00000005c0800000, 0x00000005c0800000| Complete 
|   5|0x00000005c0a00000, 0x00000005c0a00000, 0x00000005c0c00000|  0%| F|  |TAMS 0x00000005c0a00000, 0x00000005c0a00000| Untracked 
|   6|0x00000005c0c00000, 0x00000005c0c00000, 0x00000005c0e00000|  0%| F|  |TAMS 0x00000005c0c00000, 0x00000005c0c00000| Untracked 
|   7|0x00000005c0e00000, 0x00000005c0e00000, 0x00000005c1000000|  0%| F|  |TAMS 0x00000005c0e00000, 0x00000005c0e00000| Untracked 
|   8|0x00000005c1000000, 0x00000005c1000000, 0x00000005c1200000|  0%| F|  |TAMS 0x00000005c1000000, 0x00000005c1000000| Untracked 
|   9|0x00000005c1200000, 0x00000005c1200000, 0x00000005c1400000|  0%| F|  |TAMS 0x00000005c1200000, 0x00000005c1200000| Untracked 
|  10|0x00000005c1400000, 0x00000005c1400000, 0x00000005c1600000|  0%| F|  |TAMS 0x00000005c1400000, 0x00000005c1400000| Untracked 
|  11|0x00000005c1600000, 0x00000005c1600000, 0x00000005c1800000|  0%| F|  |TAMS 0x00000005c1600000, 0x00000005c1600000| Untracked 
|  12|0x00000005c1800000, 0x00000005c1800000, 0x00000005c1a00000|  0%| F|  |TAMS 0x00000005c1800000, 0x00000005c1800000| Untracked 
|  13|0x00000005c1a00000, 0x00000005c1a00000, 0x00000005c1c00000|  0%| F|  |TAMS 0x00000005c1a00000, 0x00000005c1a00000| Untracked 
|  14|0x00000005c1c00000, 0x00000005c1c00000, 0x00000005c1e00000|  0%| F|  |TAMS 0x00000005c1c00000, 0x00000005c1c00000| Untracked 
|  15|0x00000005c1e00000, 0x00000005c1e00000, 0x00000005c2000000|  0%| F|  |TAMS 0x00000005c1e00000, 0x00000005c1e00000| Untracked 
|  16|0x00000005c2000000, 0x00000005c2000000, 0x00000005c2200000|  0%| F|  |TAMS 0x00000005c2000000, 0x00000005c2000000| Untracked 
|  17|0x00000005c2200000, 0x00000005c2200000, 0x00000005c2400000|  0%| F|  |TAMS 0x00000005c2200000, 0x00000005c2200000| Untracked 
|  18|0x00000005c2400000, 0x00000005c2400000, 0x00000005c2600000|  0%| F|  |TAMS 0x00000005c2400000, 0x00000005c2400000| Untracked 
|  19|0x00000005c2600000, 0x00000005c2600000, 0x00000005c2800000|  0%| F|  |TAMS 0x00000005c2600000, 0x00000005c2600000| Untracked 
|  20|0x00000005c2800000, 0x00000005c2800000, 0x00000005c2a00000|  0%| F|  |TAMS 0x00000005c2800000, 0x00000005c2800000| Untracked 
|  21|0x00000005c2a00000, 0x00000005c2a00000, 0x00000005c2c00000|  0%| F|  |TAMS 0x00000005c2a00000, 0x00000005c2a00000| Untracked 
|  22|0x00000005c2c00000, 0x00000005c2c00000, 0x00000005c2e00000|  0%| F|  |TAMS 0x00000005c2c00000, 0x00000005c2c00000| Untracked 
|  23|0x00000005c2e00000, 0x00000005c2e00000, 0x00000005c3000000|  0%| F|  |TAMS 0x00000005c2e00000, 0x00000005c2e00000| Untracked 
|  24|0x00000005c3000000, 0x00000005c3000000, 0x00000005c3200000|  0%| F|  |TAMS 0x00000005c3000000, 0x00000005c3000000| Untracked 
|  25|0x00000005c3200000, 0x00000005c3200000, 0x00000005c3400000|  0%| F|  |TAMS 0x00000005c3200000, 0x00000005c3200000| Untracked 
|  26|0x00000005c3400000, 0x00000005c3400000, 0x00000005c3600000|  0%| F|  |TAMS 0x00000005c3400000, 0x00000005c3400000| Untracked 
|  27|0x00000005c3600000, 0x00000005c3600000, 0x00000005c3800000|  0%| F|  |TAMS 0x00000005c3600000, 0x00000005c3600000| Untracked 
|  28|0x00000005c3800000, 0x00000005c3800000, 0x00000005c3a00000|  0%| F|  |TAMS 0x00000005c3800000, 0x00000005c3800000| Untracked 
|  29|0x00000005c3a00000, 0x00000005c3a00000, 0x00000005c3c00000|  0%| F|  |TAMS 0x00000005c3a00000, 0x00000005c3a00000| Untracked 
|  30|0x00000005c3c00000, 0x00000005c3c00000, 0x00000005c3e00000|  0%| F|  |TAMS 0x00000005c3c00000, 0x00000005c3c00000| Untracked 
|  31|0x00000005c3e00000, 0x00000005c3e00000, 0x00000005c4000000|  0%| F|  |TAMS 0x00000005c3e00000, 0x00000005c3e00000| Untracked 
|  32|0x00000005c4000000, 0x00000005c4000000, 0x00000005c4200000|  0%| F|  |TAMS 0x00000005c4000000, 0x00000005c4000000| Untracked 
|  33|0x00000005c4200000, 0x00000005c4200000, 0x00000005c4400000|  0%| F|  |TAMS 0x00000005c4200000, 0x00000005c4200000| Untracked 
|  34|0x00000005c4400000, 0x00000005c4400000, 0x00000005c4600000|  0%| F|  |TAMS 0x00000005c4400000, 0x00000005c4400000| Untracked 
|  35|0x00000005c4600000, 0x00000005c4600000, 0x00000005c4800000|  0%| F|  |TAMS 0x00000005c4600000, 0x00000005c4600000| Untracked 
|  36|0x00000005c4800000, 0x00000005c4800000, 0x00000005c4a00000|  0%| F|  |TAMS 0x00000005c4800000, 0x00000005c4800000| Untracked 
|  37|0x00000005c4a00000, 0x00000005c4a00000, 0x00000005c4c00000|  0%| F|  |TAMS 0x00000005c4a00000, 0x00000005c4a00000| Untracked 
|  38|0x00000005c4c00000, 0x00000005c4c00000, 0x00000005c4e00000|  0%| F|  |TAMS 0x00000005c4c00000, 0x00000005c4c00000| Untracked 
|  39|0x00000005c4e00000, 0x00000005c4e00000, 0x00000005c5000000|  0%| F|  |TAMS 0x00000005c4e00000, 0x00000005c4e00000| Untracked 
|  40|0x00000005c5000000, 0x00000005c5000000, 0x00000005c5200000|  0%| F|  |TAMS 0x00000005c5000000, 0x00000005c5000000| Untracked 
|  41|0x00000005c5200000, 0x00000005c5200000, 0x00000005c5400000|  0%| F|  |TAMS 0x00000005c5200000, 0x00000005c5200000| Untracked 
|  42|0x00000005c5400000, 0x00000005c5400000, 0x00000005c5600000|  0%| F|  |TAMS 0x00000005c5400000, 0x00000005c5400000| Untracked 
|  43|0x00000005c5600000, 0x00000005c5600000, 0x00000005c5800000|  0%| F|  |TAMS 0x00000005c5600000, 0x00000005c5600000| Untracked 
|  44|0x00000005c5800000, 0x00000005c5800000, 0x00000005c5a00000|  0%| F|  |TAMS 0x00000005c5800000, 0x00000005c5800000| Untracked 
|  45|0x00000005c5a00000, 0x00000005c5a00000, 0x00000005c5c00000|  0%| F|  |TAMS 0x00000005c5a00000, 0x00000005c5a00000| Untracked 
|  46|0x00000005c5c00000, 0x00000005c5c00000, 0x00000005c5e00000|  0%| F|  |TAMS 0x00000005c5c00000, 0x00000005c5c00000| Untracked 
|  47|0x00000005c5e00000, 0x00000005c5e00000, 0x00000005c6000000|  0%| F|  |TAMS 0x00000005c5e00000, 0x00000005c5e00000| Untracked 
|  48|0x00000005c6000000, 0x00000005c6000000, 0x00000005c6200000|  0%| F|  |TAMS 0x00000005c6000000, 0x00000005c6000000| Untracked 
|  49|0x00000005c6200000, 0x00000005c6200000, 0x00000005c6400000|  0%| F|  |TAMS 0x00000005c6200000, 0x00000005c6200000| Untracked 
|  50|0x00000005c6400000, 0x00000005c6400000, 0x00000005c6600000|  0%| F|  |TAMS 0x00000005c6400000, 0x00000005c6400000| Untracked 
|  51|0x00000005c6600000, 0x00000005c6600000, 0x00000005c6800000|  0%| F|  |TAMS 0x00000005c6600000, 0x00000005c6600000| Untracked 
|  52|0x00000005c6800000, 0x00000005c6800000, 0x00000005c6a00000|  0%| F|  |TAMS 0x00000005c6800000, 0x00000005c6800000| Untracked 
|  53|0x00000005c6a00000, 0x00000005c6a00000, 0x00000005c6c00000|  0%| F|  |TAMS 0x00000005c6a00000, 0x00000005c6a00000| Untracked 
|  54|0x00000005c6c00000, 0x00000005c6c00000, 0x00000005c6e00000|  0%| F|  |TAMS 0x00000005c6c00000, 0x00000005c6c00000| Untracked 
|  55|0x00000005c6e00000, 0x00000005c6e00000, 0x00000005c7000000|  0%| F|  |TAMS 0x00000005c6e00000, 0x00000005c6e00000| Untracked 
|  56|0x00000005c7000000, 0x00000005c7000000, 0x00000005c7200000|  0%| F|  |TAMS 0x00000005c7000000, 0x00000005c7000000| Untracked 
|  57|0x00000005c7200000, 0x00000005c7200000, 0x00000005c7400000|  0%| F|  |TAMS 0x00000005c7200000, 0x00000005c7200000| Untracked 
|  58|0x00000005c7400000, 0x00000005c7400000, 0x00000005c7600000|  0%| F|  |TAMS 0x00000005c7400000, 0x00000005c7400000| Untracked 
|  59|0x00000005c7600000, 0x00000005c7600000, 0x00000005c7800000|  0%| F|  |TAMS 0x00000005c7600000, 0x00000005c7600000| Untracked 
|  60|0x00000005c7800000, 0x00000005c7800000, 0x00000005c7a00000|  0%| F|  |TAMS 0x00000005c7800000, 0x00000005c7800000| Untracked 
|  61|0x00000005c7a00000, 0x00000005c7a00000, 0x00000005c7c00000|  0%| F|  |TAMS 0x00000005c7a00000, 0x00000005c7a00000| Untracked 
|  62|0x00000005c7c00000, 0x00000005c7c00000, 0x00000005c7e00000|  0%| F|  |TAMS 0x00000005c7c00000, 0x00000005c7c00000| Untracked 
|  63|0x00000005c7e00000, 0x00000005c7e00000, 0x00000005c8000000|  0%| F|  |TAMS 0x00000005c7e00000, 0x00000005c7e00000| Untracked 
|  64|0x00000005c8000000, 0x00000005c8000000, 0x00000005c8200000|  0%| F|  |TAMS 0x00000005c8000000, 0x00000005c8000000| Untracked 
|  65|0x00000005c8200000, 0x00000005c8200000, 0x00000005c8400000|  0%| F|  |TAMS 0x00000005c8200000, 0x00000005c8200000| Untracked 
|  66|0x00000005c8400000, 0x00000005c8400000, 0x00000005c8600000|  0%| F|  |TAMS 0x00000005c8400000, 0x00000005c8400000| Untracked 
|  67|0x00000005c8600000, 0x00000005c8600000, 0x00000005c8800000|  0%| F|  |TAMS 0x00000005c8600000, 0x00000005c8600000| Untracked 
|  68|0x00000005c8800000, 0x00000005c8800000, 0x00000005c8a00000|  0%| F|  |TAMS 0x00000005c8800000, 0x00000005c8800000| Untracked 
|  69|0x00000005c8a00000, 0x00000005c8a00000, 0x00000005c8c00000|  0%| F|  |TAMS 0x00000005c8a00000, 0x00000005c8a00000| Untracked 
|  70|0x00000005c8c00000, 0x00000005c8c00000, 0x00000005c8e00000|  0%| F|  |TAMS 0x00000005c8c00000, 0x00000005c8c00000| Untracked 
|  71|0x00000005c8e00000, 0x00000005c8e00000, 0x00000005c9000000|  0%| F|  |TAMS 0x00000005c8e00000, 0x00000005c8e00000| Untracked 
|  72|0x00000005c9000000, 0x00000005c9000000, 0x00000005c9200000|  0%| F|  |TAMS 0x00000005c9000000, 0x00000005c9000000| Untracked 
|  73|0x00000005c9200000, 0x00000005c9200000, 0x00000005c9400000|  0%| F|  |TAMS 0x00000005c9200000, 0x00000005c9200000| Untracked 
|  74|0x00000005c9400000, 0x00000005c9400000, 0x00000005c9600000|  0%| F|  |TAMS 0x00000005c9400000, 0x00000005c9400000| Untracked 
|  75|0x00000005c9600000, 0x00000005c9600000, 0x00000005c9800000|  0%| F|  |TAMS 0x00000005c9600000, 0x00000005c9600000| Untracked 
|  76|0x00000005c9800000, 0x00000005c9800000, 0x00000005c9a00000|  0%| F|  |TAMS 0x00000005c9800000, 0x00000005c9800000| Untracked 
|  77|0x00000005c9a00000, 0x00000005c9a00000, 0x00000005c9c00000|  0%| F|  |TAMS 0x00000005c9a00000, 0x00000005c9a00000| Untracked 
|  78|0x00000005c9c00000, 0x00000005c9c00000, 0x00000005c9e00000|  0%| F|  |TAMS 0x00000005c9c00000, 0x00000005c9c00000| Untracked 
|  79|0x00000005c9e00000, 0x00000005c9e00000, 0x00000005ca000000|  0%| F|  |TAMS 0x00000005c9e00000, 0x00000005c9e00000| Untracked 
|  80|0x00000005ca000000, 0x00000005ca000000, 0x00000005ca200000|  0%| F|  |TAMS 0x00000005ca000000, 0x00000005ca000000| Untracked 
|  81|0x00000005ca200000, 0x00000005ca200000, 0x00000005ca400000|  0%| F|  |TAMS 0x00000005ca200000, 0x00000005ca200000| Untracked 
|  82|0x00000005ca400000, 0x00000005ca400000, 0x00000005ca600000|  0%| F|  |TAMS 0x00000005ca400000, 0x00000005ca400000| Untracked 
|  83|0x00000005ca600000, 0x00000005ca600000, 0x00000005ca800000|  0%| F|  |TAMS 0x00000005ca600000, 0x00000005ca600000| Untracked 
|  84|0x00000005ca800000, 0x00000005ca800000, 0x00000005caa00000|  0%| F|  |TAMS 0x00000005ca800000, 0x00000005ca800000| Untracked 
|  85|0x00000005caa00000, 0x00000005caa00000, 0x00000005cac00000|  0%| F|  |TAMS 0x00000005caa00000, 0x00000005caa00000| Untracked 
|  86|0x00000005cac00000, 0x00000005cac00000, 0x00000005cae00000|  0%| F|  |TAMS 0x00000005cac00000, 0x00000005cac00000| Untracked 
|  87|0x00000005cae00000, 0x00000005cae00000, 0x00000005cb000000|  0%| F|  |TAMS 0x00000005cae00000, 0x00000005cae00000| Untracked 
|  88|0x00000005cb000000, 0x00000005cb000000, 0x00000005cb200000|  0%| F|  |TAMS 0x00000005cb000000, 0x00000005cb000000| Untracked 
|  89|0x00000005cb200000, 0x00000005cb200000, 0x00000005cb400000|  0%| F|  |TAMS 0x00000005cb200000, 0x00000005cb200000| Untracked 
|  90|0x00000005cb400000, 0x00000005cb400000, 0x00000005cb600000|  0%| F|  |TAMS 0x00000005cb400000, 0x00000005cb400000| Untracked 
|  91|0x00000005cb600000, 0x00000005cb600000, 0x00000005cb800000|  0%| F|  |TAMS 0x00000005cb600000, 0x00000005cb600000| Untracked 
|  92|0x00000005cb800000, 0x00000005cb800000, 0x00000005cba00000|  0%| F|  |TAMS 0x00000005cb800000, 0x00000005cb800000| Untracked 
|  93|0x00000005cba00000, 0x00000005cba00000, 0x00000005cbc00000|  0%| F|  |TAMS 0x00000005cba00000, 0x00000005cba00000| Untracked 
|  94|0x00000005cbc00000, 0x00000005cbc00000, 0x00000005cbe00000|  0%| F|  |TAMS 0x00000005cbc00000, 0x00000005cbc00000| Untracked 
|  95|0x00000005cbe00000, 0x00000005cbe00000, 0x00000005cc000000|  0%| F|  |TAMS 0x00000005cbe00000, 0x00000005cbe00000| Untracked 
|  96|0x00000005cc000000, 0x00000005cc000000, 0x00000005cc200000|  0%| F|  |TAMS 0x00000005cc000000, 0x00000005cc000000| Untracked 
|  97|0x00000005cc200000, 0x00000005cc200000, 0x00000005cc400000|  0%| F|  |TAMS 0x00000005cc200000, 0x00000005cc200000| Untracked 
|  98|0x00000005cc400000, 0x00000005cc400000, 0x00000005cc600000|  0%| F|  |TAMS 0x00000005cc400000, 0x00000005cc400000| Untracked 
|  99|0x00000005cc600000, 0x00000005cc600000, 0x00000005cc800000|  0%| F|  |TAMS 0x00000005cc600000, 0x00000005cc600000| Untracked 
| 100|0x00000005cc800000, 0x00000005cc800000, 0x00000005cca00000|  0%| F|  |TAMS 0x00000005cc800000, 0x00000005cc800000| Untracked 
| 101|0x00000005cca00000, 0x00000005cca00000, 0x00000005ccc00000|  0%| F|  |TAMS 0x00000005cca00000, 0x00000005cca00000| Untracked 
| 102|0x00000005ccc00000, 0x00000005ccc00000, 0x00000005cce00000|  0%| F|  |TAMS 0x00000005ccc00000, 0x00000005ccc00000| Untracked 
| 103|0x00000005cce00000, 0x00000005cce00000, 0x00000005cd000000|  0%| F|  |TAMS 0x00000005cce00000, 0x00000005cce00000| Untracked 
| 104|0x00000005cd000000, 0x00000005cd000000, 0x00000005cd200000|  0%| F|  |TAMS 0x00000005cd000000, 0x00000005cd000000| Untracked 
| 105|0x00000005cd200000, 0x00000005cd200000, 0x00000005cd400000|  0%| F|  |TAMS 0x00000005cd200000, 0x00000005cd200000| Untracked 
| 106|0x00000005cd400000, 0x00000005cd400000, 0x00000005cd600000|  0%| F|  |TAMS 0x00000005cd400000, 0x00000005cd400000| Untracked 
| 107|0x00000005cd600000, 0x00000005cd600000, 0x00000005cd800000|  0%| F|  |TAMS 0x00000005cd600000, 0x00000005cd600000| Untracked 
| 108|0x00000005cd800000, 0x00000005cd800000, 0x00000005cda00000|  0%| F|  |TAMS 0x00000005cd800000, 0x00000005cd800000| Untracked 
| 109|0x00000005cda00000, 0x00000005cda00000, 0x00000005cdc00000|  0%| F|  |TAMS 0x00000005cda00000, 0x00000005cda00000| Untracked 
| 110|0x00000005cdc00000, 0x00000005cdc00000, 0x00000005cde00000|  0%| F|  |TAMS 0x00000005cdc00000, 0x00000005cdc00000| Untracked 
| 111|0x00000005cde00000, 0x00000005cde00000, 0x00000005ce000000|  0%| F|  |TAMS 0x00000005cde00000, 0x00000005cde00000| Untracked 
| 112|0x00000005ce000000, 0x00000005ce000000, 0x00000005ce200000|  0%| F|  |TAMS 0x00000005ce000000, 0x00000005ce000000| Untracked 
| 113|0x00000005ce200000, 0x00000005ce200000, 0x00000005ce400000|  0%| F|  |TAMS 0x00000005ce200000, 0x00000005ce200000| Untracked 
| 114|0x00000005ce400000, 0x00000005ce400000, 0x00000005ce600000|  0%| F|  |TAMS 0x00000005ce400000, 0x00000005ce400000| Untracked 
| 115|0x00000005ce600000, 0x00000005ce600000, 0x00000005ce800000|  0%| F|  |TAMS 0x00000005ce600000, 0x00000005ce600000| Untracked 
| 116|0x00000005ce800000, 0x00000005ce800000, 0x00000005cea00000|  0%| F|  |TAMS 0x00000005ce800000, 0x00000005ce800000| Untracked 
| 117|0x00000005cea00000, 0x00000005cea00000, 0x00000005cec00000|  0%| F|  |TAMS 0x00000005cea00000, 0x00000005cea00000| Untracked 
| 118|0x00000005cec00000, 0x00000005cec00000, 0x00000005cee00000|  0%| F|  |TAMS 0x00000005cec00000, 0x00000005cec00000| Untracked 
| 119|0x00000005cee00000, 0x00000005cee00000, 0x00000005cf000000|  0%| F|  |TAMS 0x00000005cee00000, 0x00000005cee00000| Untracked 
| 120|0x00000005cf000000, 0x00000005cf000000, 0x00000005cf200000|  0%| F|  |TAMS 0x00000005cf000000, 0x00000005cf000000| Untracked 
| 121|0x00000005cf200000, 0x00000005cf200000, 0x00000005cf400000|  0%| F|  |TAMS 0x00000005cf200000, 0x00000005cf200000| Untracked 
| 122|0x00000005cf400000, 0x00000005cf400000, 0x00000005cf600000|  0%| F|  |TAMS 0x00000005cf400000, 0x00000005cf400000| Untracked 
| 123|0x00000005cf600000, 0x00000005cf600000, 0x00000005cf800000|  0%| F|  |TAMS 0x00000005cf600000, 0x00000005cf600000| Untracked 
| 124|0x00000005cf800000, 0x00000005cf800000, 0x00000005cfa00000|  0%| F|  |TAMS 0x00000005cf800000, 0x00000005cf800000| Untracked 
| 125|0x00000005cfa00000, 0x00000005cfa00000, 0x00000005cfc00000|  0%| F|  |TAMS 0x00000005cfa00000, 0x00000005cfa00000| Untracked 
| 126|0x00000005cfc00000, 0x00000005cfc00000, 0x00000005cfe00000|  0%| F|  |TAMS 0x00000005cfc00000, 0x00000005cfc00000| Untracked 
| 127|0x00000005cfe00000, 0x00000005cfe00000, 0x00000005d0000000|  0%| F|  |TAMS 0x00000005cfe00000, 0x00000005cfe00000| Untracked 
| 128|0x00000005d0000000, 0x00000005d0000000, 0x00000005d0200000|  0%| F|  |TAMS 0x00000005d0000000, 0x00000005d0000000| Untracked 
| 129|0x00000005d0200000, 0x00000005d0200000, 0x00000005d0400000|  0%| F|  |TAMS 0x00000005d0200000, 0x00000005d0200000| Untracked 
| 130|0x00000005d0400000, 0x00000005d0400000, 0x00000005d0600000|  0%| F|  |TAMS 0x00000005d0400000, 0x00000005d0400000| Untracked 
| 131|0x00000005d0600000, 0x00000005d0600000, 0x00000005d0800000|  0%| F|  |TAMS 0x00000005d0600000, 0x00000005d0600000| Untracked 
| 132|0x00000005d0800000, 0x00000005d0800000, 0x00000005d0a00000|  0%| F|  |TAMS 0x00000005d0800000, 0x00000005d0800000| Untracked 
| 133|0x00000005d0a00000, 0x00000005d0a00000, 0x00000005d0c00000|  0%| F|  |TAMS 0x00000005d0a00000, 0x00000005d0a00000| Untracked 
| 134|0x00000005d0c00000, 0x00000005d0c00000, 0x00000005d0e00000|  0%| F|  |TAMS 0x00000005d0c00000, 0x00000005d0c00000| Untracked 
| 135|0x00000005d0e00000, 0x00000005d0e00000, 0x00000005d1000000|  0%| F|  |TAMS 0x00000005d0e00000, 0x00000005d0e00000| Untracked 
| 136|0x00000005d1000000, 0x00000005d1000000, 0x00000005d1200000|  0%| F|  |TAMS 0x00000005d1000000, 0x00000005d1000000| Untracked 
| 137|0x00000005d1200000, 0x00000005d1200000, 0x00000005d1400000|  0%| F|  |TAMS 0x00000005d1200000, 0x00000005d1200000| Untracked 
| 138|0x00000005d1400000, 0x00000005d1400000, 0x00000005d1600000|  0%| F|  |TAMS 0x00000005d1400000, 0x00000005d1400000| Untracked 
| 139|0x00000005d1600000, 0x00000005d1600000, 0x00000005d1800000|  0%| F|  |TAMS 0x00000005d1600000, 0x00000005d1600000| Untracked 
| 140|0x00000005d1800000, 0x00000005d1800000, 0x00000005d1a00000|  0%| F|  |TAMS 0x00000005d1800000, 0x00000005d1800000| Untracked 
| 141|0x00000005d1a00000, 0x00000005d1a00000, 0x00000005d1c00000|  0%| F|  |TAMS 0x00000005d1a00000, 0x00000005d1a00000| Untracked 
| 142|0x00000005d1c00000, 0x00000005d1c00000, 0x00000005d1e00000|  0%| F|  |TAMS 0x00000005d1c00000, 0x00000005d1c00000| Untracked 
| 143|0x00000005d1e00000, 0x00000005d1e00000, 0x00000005d2000000|  0%| F|  |TAMS 0x00000005d1e00000, 0x00000005d1e00000| Untracked 
| 144|0x00000005d2000000, 0x00000005d2000000, 0x00000005d2200000|  0%| F|  |TAMS 0x00000005d2000000, 0x00000005d2000000| Untracked 
| 145|0x00000005d2200000, 0x00000005d2200000, 0x00000005d2400000|  0%| F|  |TAMS 0x00000005d2200000, 0x00000005d2200000| Untracked 
| 146|0x00000005d2400000, 0x00000005d2400000, 0x00000005d2600000|  0%| F|  |TAMS 0x00000005d2400000, 0x00000005d2400000| Untracked 
| 147|0x00000005d2600000, 0x00000005d2600000, 0x00000005d2800000|  0%| F|  |TAMS 0x00000005d2600000, 0x00000005d2600000| Untracked 
| 148|0x00000005d2800000, 0x00000005d2800000, 0x00000005d2a00000|  0%| F|  |TAMS 0x00000005d2800000, 0x00000005d2800000| Untracked 
| 149|0x00000005d2a00000, 0x00000005d2a00000, 0x00000005d2c00000|  0%| F|  |TAMS 0x00000005d2a00000, 0x00000005d2a00000| Untracked 
| 150|0x00000005d2c00000, 0x00000005d2c00000, 0x00000005d2e00000|  0%| F|  |TAMS 0x00000005d2c00000, 0x00000005d2c00000| Untracked 
| 151|0x00000005d2e00000, 0x00000005d2e00000, 0x00000005d3000000|  0%| F|  |TAMS 0x00000005d2e00000, 0x00000005d2e00000| Untracked 
| 152|0x00000005d3000000, 0x00000005d3000000, 0x00000005d3200000|  0%| F|  |TAMS 0x00000005d3000000, 0x00000005d3000000| Untracked 
| 153|0x00000005d3200000, 0x00000005d3200000, 0x00000005d3400000|  0%| F|  |TAMS 0x00000005d3200000, 0x00000005d3200000| Untracked 
| 154|0x00000005d3400000, 0x00000005d3400000, 0x00000005d3600000|  0%| F|  |TAMS 0x00000005d3400000, 0x00000005d3400000| Untracked 
| 155|0x00000005d3600000, 0x00000005d3600000, 0x00000005d3800000|  0%| F|  |TAMS 0x00000005d3600000, 0x00000005d3600000| Untracked 
| 156|0x00000005d3800000, 0x00000005d3800000, 0x00000005d3a00000|  0%| F|  |TAMS 0x00000005d3800000, 0x00000005d3800000| Untracked 
| 157|0x00000005d3a00000, 0x00000005d3a00000, 0x00000005d3c00000|  0%| F|  |TAMS 0x00000005d3a00000, 0x00000005d3a00000| Untracked 
| 158|0x00000005d3c00000, 0x00000005d3c00000, 0x00000005d3e00000|  0%| F|  |TAMS 0x00000005d3c00000, 0x00000005d3c00000| Untracked 
| 159|0x00000005d3e00000, 0x00000005d3e00000, 0x00000005d4000000|  0%| F|  |TAMS 0x00000005d3e00000, 0x00000005d3e00000| Untracked 
| 160|0x00000005d4000000, 0x00000005d4000000, 0x00000005d4200000|  0%| F|  |TAMS 0x00000005d4000000, 0x00000005d4000000| Untracked 
| 161|0x00000005d4200000, 0x00000005d4200000, 0x00000005d4400000|  0%| F|  |TAMS 0x00000005d4200000, 0x00000005d4200000| Untracked 
| 162|0x00000005d4400000, 0x00000005d4400000, 0x00000005d4600000|  0%| F|  |TAMS 0x00000005d4400000, 0x00000005d4400000| Untracked 
| 163|0x00000005d4600000, 0x00000005d4600000, 0x00000005d4800000|  0%| F|  |TAMS 0x00000005d4600000, 0x00000005d4600000| Untracked 
| 164|0x00000005d4800000, 0x00000005d4800000, 0x00000005d4a00000|  0%| F|  |TAMS 0x00000005d4800000, 0x00000005d4800000| Untracked 
| 165|0x00000005d4a00000, 0x00000005d4a00000, 0x00000005d4c00000|  0%| F|  |TAMS 0x00000005d4a00000, 0x00000005d4a00000| Untracked 
| 166|0x00000005d4c00000, 0x00000005d4c00000, 0x00000005d4e00000|  0%| F|  |TAMS 0x00000005d4c00000, 0x00000005d4c00000| Untracked 
| 167|0x00000005d4e00000, 0x00000005d4e00000, 0x00000005d5000000|  0%| F|  |TAMS 0x00000005d4e00000, 0x00000005d4e00000| Untracked 
| 168|0x00000005d5000000, 0x00000005d5000000, 0x00000005d5200000|  0%| F|  |TAMS 0x00000005d5000000, 0x00000005d5000000| Untracked 
| 169|0x00000005d5200000, 0x00000005d5200000, 0x00000005d5400000|  0%| F|  |TAMS 0x00000005d5200000, 0x00000005d5200000| Untracked 
| 170|0x00000005d5400000, 0x00000005d5400000, 0x00000005d5600000|  0%| F|  |TAMS 0x00000005d5400000, 0x00000005d5400000| Untracked 
| 171|0x00000005d5600000, 0x00000005d5600000, 0x00000005d5800000|  0%| F|  |TAMS 0x00000005d5600000, 0x00000005d5600000| Untracked 
| 172|0x00000005d5800000, 0x00000005d5800000, 0x00000005d5a00000|  0%| F|  |TAMS 0x00000005d5800000, 0x00000005d5800000| Untracked 
| 173|0x00000005d5a00000, 0x00000005d5a00000, 0x00000005d5c00000|  0%| F|  |TAMS 0x00000005d5a00000, 0x00000005d5a00000| Untracked 
| 174|0x00000005d5c00000, 0x00000005d5c00000, 0x00000005d5e00000|  0%| F|  |TAMS 0x00000005d5c00000, 0x00000005d5c00000| Untracked 
| 175|0x00000005d5e00000, 0x00000005d5e00000, 0x00000005d6000000|  0%| F|  |TAMS 0x00000005d5e00000, 0x00000005d5e00000| Untracked 
| 176|0x00000005d6000000, 0x00000005d6000000, 0x00000005d6200000|  0%| F|  |TAMS 0x00000005d6000000, 0x00000005d6000000| Untracked 
| 177|0x00000005d6200000, 0x00000005d6200000, 0x00000005d6400000|  0%| F|  |TAMS 0x00000005d6200000, 0x00000005d6200000| Untracked 
| 178|0x00000005d6400000, 0x00000005d6400000, 0x00000005d6600000|  0%| F|  |TAMS 0x00000005d6400000, 0x00000005d6400000| Untracked 
| 179|0x00000005d6600000, 0x00000005d6600000, 0x00000005d6800000|  0%| F|  |TAMS 0x00000005d6600000, 0x00000005d6600000| Untracked 
| 180|0x00000005d6800000, 0x00000005d6800000, 0x00000005d6a00000|  0%| F|  |TAMS 0x00000005d6800000, 0x00000005d6800000| Untracked 
| 181|0x00000005d6a00000, 0x00000005d6a00000, 0x00000005d6c00000|  0%| F|  |TAMS 0x00000005d6a00000, 0x00000005d6a00000| Untracked 
| 182|0x00000005d6c00000, 0x00000005d6c00000, 0x00000005d6e00000|  0%| F|  |TAMS 0x00000005d6c00000, 0x00000005d6c00000| Untracked 
| 183|0x00000005d6e00000, 0x00000005d6e00000, 0x00000005d7000000|  0%| F|  |TAMS 0x00000005d6e00000, 0x00000005d6e00000| Untracked 
| 184|0x00000005d7000000, 0x00000005d7000000, 0x00000005d7200000|  0%| F|  |TAMS 0x00000005d7000000, 0x00000005d7000000| Untracked 
| 185|0x00000005d7200000, 0x00000005d7200000, 0x00000005d7400000|  0%| F|  |TAMS 0x00000005d7200000, 0x00000005d7200000| Untracked 
| 186|0x00000005d7400000, 0x00000005d7400000, 0x00000005d7600000|  0%| F|  |TAMS 0x00000005d7400000, 0x00000005d7400000| Untracked 
| 187|0x00000005d7600000, 0x00000005d7600000, 0x00000005d7800000|  0%| F|  |TAMS 0x00000005d7600000, 0x00000005d7600000| Untracked 
| 188|0x00000005d7800000, 0x00000005d7800000, 0x00000005d7a00000|  0%| F|  |TAMS 0x00000005d7800000, 0x00000005d7800000| Untracked 
| 189|0x00000005d7a00000, 0x00000005d7a00000, 0x00000005d7c00000|  0%| F|  |TAMS 0x00000005d7a00000, 0x00000005d7a00000| Untracked 
| 190|0x00000005d7c00000, 0x00000005d7c00000, 0x00000005d7e00000|  0%| F|  |TAMS 0x00000005d7c00000, 0x00000005d7c00000| Untracked 
| 191|0x00000005d7e00000, 0x00000005d7e00000, 0x00000005d8000000|  0%| F|  |TAMS 0x00000005d7e00000, 0x00000005d7e00000| Untracked 
| 192|0x00000005d8000000, 0x00000005d8000000, 0x00000005d8200000|  0%| F|  |TAMS 0x00000005d8000000, 0x00000005d8000000| Untracked 
| 193|0x00000005d8200000, 0x00000005d8200000, 0x00000005d8400000|  0%| F|  |TAMS 0x00000005d8200000, 0x00000005d8200000| Untracked 
| 194|0x00000005d8400000, 0x00000005d8400000, 0x00000005d8600000|  0%| F|  |TAMS 0x00000005d8400000, 0x00000005d8400000| Untracked 
| 195|0x00000005d8600000, 0x00000005d8600000, 0x00000005d8800000|  0%| F|  |TAMS 0x00000005d8600000, 0x00000005d8600000| Untracked 
| 196|0x00000005d8800000, 0x00000005d8800000, 0x00000005d8a00000|  0%| F|  |TAMS 0x00000005d8800000, 0x00000005d8800000| Untracked 
| 197|0x00000005d8a00000, 0x00000005d8a00000, 0x00000005d8c00000|  0%| F|  |TAMS 0x00000005d8a00000, 0x00000005d8a00000| Untracked 
| 198|0x00000005d8c00000, 0x00000005d8c00000, 0x00000005d8e00000|  0%| F|  |TAMS 0x00000005d8c00000, 0x00000005d8c00000| Untracked 
| 199|0x00000005d8e00000, 0x00000005d8e00000, 0x00000005d9000000|  0%| F|  |TAMS 0x00000005d8e00000, 0x00000005d8e00000| Untracked 
| 200|0x00000005d9000000, 0x00000005d9000000, 0x00000005d9200000|  0%| F|  |TAMS 0x00000005d9000000, 0x00000005d9000000| Untracked 
| 201|0x00000005d9200000, 0x00000005d9200000, 0x00000005d9400000|  0%| F|  |TAMS 0x00000005d9200000, 0x00000005d9200000| Untracked 
| 202|0x00000005d9400000, 0x00000005d9400000, 0x00000005d9600000|  0%| F|  |TAMS 0x00000005d9400000, 0x00000005d9400000| Untracked 
| 203|0x00000005d9600000, 0x00000005d9600000, 0x00000005d9800000|  0%| F|  |TAMS 0x00000005d9600000, 0x00000005d9600000| Untracked 
| 204|0x00000005d9800000, 0x00000005d9800000, 0x00000005d9a00000|  0%| F|  |TAMS 0x00000005d9800000, 0x00000005d9800000| Untracked 
| 205|0x00000005d9a00000, 0x00000005d9a00000, 0x00000005d9c00000|  0%| F|  |TAMS 0x00000005d9a00000, 0x00000005d9a00000| Untracked 
| 206|0x00000005d9c00000, 0x00000005d9c00000, 0x00000005d9e00000|  0%| F|  |TAMS 0x00000005d9c00000, 0x00000005d9c00000| Untracked 
| 207|0x00000005d9e00000, 0x00000005d9e00000, 0x00000005da000000|  0%| F|  |TAMS 0x00000005d9e00000, 0x00000005d9e00000| Untracked 
| 208|0x00000005da000000, 0x00000005da000000, 0x00000005da200000|  0%| F|  |TAMS 0x00000005da000000, 0x00000005da000000| Untracked 
| 209|0x00000005da200000, 0x00000005da200000, 0x00000005da400000|  0%| F|  |TAMS 0x00000005da200000, 0x00000005da200000| Untracked 
| 210|0x00000005da400000, 0x00000005da400000, 0x00000005da600000|  0%| F|  |TAMS 0x00000005da400000, 0x00000005da400000| Untracked 
| 211|0x00000005da600000, 0x00000005da600000, 0x00000005da800000|  0%| F|  |TAMS 0x00000005da600000, 0x00000005da600000| Untracked 
| 212|0x00000005da800000, 0x00000005da800000, 0x00000005daa00000|  0%| F|  |TAMS 0x00000005da800000, 0x00000005da800000| Untracked 
| 213|0x00000005daa00000, 0x00000005daa00000, 0x00000005dac00000|  0%| F|  |TAMS 0x00000005daa00000, 0x00000005daa00000| Untracked 
| 214|0x00000005dac00000, 0x00000005dac00000, 0x00000005dae00000|  0%| F|  |TAMS 0x00000005dac00000, 0x00000005dac00000| Untracked 
| 215|0x00000005dae00000, 0x00000005dae00000, 0x00000005db000000|  0%| F|  |TAMS 0x00000005dae00000, 0x00000005dae00000| Untracked 
| 216|0x00000005db000000, 0x00000005db000000, 0x00000005db200000|  0%| F|  |TAMS 0x00000005db000000, 0x00000005db000000| Untracked 
| 217|0x00000005db200000, 0x00000005db200000, 0x00000005db400000|  0%| F|  |TAMS 0x00000005db200000, 0x00000005db200000| Untracked 
| 218|0x00000005db400000, 0x00000005db400000, 0x00000005db600000|  0%| F|  |TAMS 0x00000005db400000, 0x00000005db400000| Untracked 
| 219|0x00000005db600000, 0x00000005db600000, 0x00000005db800000|  0%| F|  |TAMS 0x00000005db600000, 0x00000005db600000| Untracked 
| 220|0x00000005db800000, 0x00000005db800000, 0x00000005dba00000|  0%| F|  |TAMS 0x00000005db800000, 0x00000005db800000| Untracked 
| 221|0x00000005dba00000, 0x00000005dba00000, 0x00000005dbc00000|  0%| F|  |TAMS 0x00000005dba00000, 0x00000005dba00000| Untracked 
| 222|0x00000005dbc00000, 0x00000005dbc00000, 0x00000005dbe00000|  0%| F|  |TAMS 0x00000005dbc00000, 0x00000005dbc00000| Untracked 
| 223|0x00000005dbe00000, 0x00000005dbe00000, 0x00000005dc000000|  0%| F|  |TAMS 0x00000005dbe00000, 0x00000005dbe00000| Untracked 
| 224|0x00000005dc000000, 0x00000005dc000000, 0x00000005dc200000|  0%| F|  |TAMS 0x00000005dc000000, 0x00000005dc000000| Untracked 
| 225|0x00000005dc200000, 0x00000005dc200000, 0x00000005dc400000|  0%| F|  |TAMS 0x00000005dc200000, 0x00000005dc200000| Untracked 
| 226|0x00000005dc400000, 0x00000005dc400000, 0x00000005dc600000|  0%| F|  |TAMS 0x00000005dc400000, 0x00000005dc400000| Untracked 
| 227|0x00000005dc600000, 0x00000005dc600000, 0x00000005dc800000|  0%| F|  |TAMS 0x00000005dc600000, 0x00000005dc600000| Untracked 
| 228|0x00000005dc800000, 0x00000005dc800000, 0x00000005dca00000|  0%| F|  |TAMS 0x00000005dc800000, 0x00000005dc800000| Untracked 
| 229|0x00000005dca00000, 0x00000005dca00000, 0x00000005dcc00000|  0%| F|  |TAMS 0x00000005dca00000, 0x00000005dca00000| Untracked 
| 230|0x00000005dcc00000, 0x00000005dcc00000, 0x00000005dce00000|  0%| F|  |TAMS 0x00000005dcc00000, 0x00000005dcc00000| Untracked 
| 231|0x00000005dce00000, 0x00000005dce00000, 0x00000005dd000000|  0%| F|  |TAMS 0x00000005dce00000, 0x00000005dce00000| Untracked 
| 232|0x00000005dd000000, 0x00000005dd000000, 0x00000005dd200000|  0%| F|  |TAMS 0x00000005dd000000, 0x00000005dd000000| Untracked 
| 233|0x00000005dd200000, 0x00000005dd200000, 0x00000005dd400000|  0%| F|  |TAMS 0x00000005dd200000, 0x00000005dd200000| Untracked 
| 234|0x00000005dd400000, 0x00000005dd400000, 0x00000005dd600000|  0%| F|  |TAMS 0x00000005dd400000, 0x00000005dd400000| Untracked 
| 235|0x00000005dd600000, 0x00000005dd600000, 0x00000005dd800000|  0%| F|  |TAMS 0x00000005dd600000, 0x00000005dd600000| Untracked 
| 236|0x00000005dd800000, 0x00000005dd800000, 0x00000005dda00000|  0%| F|  |TAMS 0x00000005dd800000, 0x00000005dd800000| Untracked 
| 237|0x00000005dda00000, 0x00000005dda00000, 0x00000005ddc00000|  0%| F|  |TAMS 0x00000005dda00000, 0x00000005dda00000| Untracked 
| 238|0x00000005ddc00000, 0x00000005ddc00000, 0x00000005dde00000|  0%| F|  |TAMS 0x00000005ddc00000, 0x00000005ddc00000| Untracked 
| 239|0x00000005dde00000, 0x00000005dde00000, 0x00000005de000000|  0%| F|  |TAMS 0x00000005dde00000, 0x00000005dde00000| Untracked 
| 240|0x00000005de000000, 0x00000005de000000, 0x00000005de200000|  0%| F|  |TAMS 0x00000005de000000, 0x00000005de000000| Untracked 
| 241|0x00000005de200000, 0x00000005de200000, 0x00000005de400000|  0%| F|  |TAMS 0x00000005de200000, 0x00000005de200000| Untracked 
| 242|0x00000005de400000, 0x00000005de600000, 0x00000005de600000|100%| S|CS|TAMS 0x00000005de400000, 0x00000005de400000| Complete 
| 243|0x00000005de600000, 0x00000005de800000, 0x00000005de800000|100%| S|CS|TAMS 0x00000005de600000, 0x00000005de600000| Complete 
| 244|0x00000005de800000, 0x00000005de800000, 0x00000005dea00000|  0%| F|  |TAMS 0x00000005de800000, 0x00000005de800000| Untracked 
| 245|0x00000005dea00000, 0x00000005dea00000, 0x00000005dec00000|  0%| F|  |TAMS 0x00000005dea00000, 0x00000005dea00000| Untracked 
| 246|0x00000005dec00000, 0x00000005dec00000, 0x00000005dee00000|  0%| F|  |TAMS 0x00000005dec00000, 0x00000005dec00000| Untracked 
| 247|0x00000005dee00000, 0x00000005dee00000, 0x00000005df000000|  0%| F|  |TAMS 0x00000005dee00000, 0x00000005dee00000| Untracked 
| 248|0x00000005df000000, 0x00000005df000000, 0x00000005df200000|  0%| F|  |TAMS 0x00000005df000000, 0x00000005df000000| Untracked 
| 249|0x00000005df200000, 0x00000005df200000, 0x00000005df400000|  0%| F|  |TAMS 0x00000005df200000, 0x00000005df200000| Untracked 
| 250|0x00000005df400000, 0x00000005df400000, 0x00000005df600000|  0%| F|  |TAMS 0x00000005df400000, 0x00000005df400000| Untracked 
| 251|0x00000005df600000, 0x00000005df7cce20, 0x00000005df800000| 90%| E|  |TAMS 0x00000005df600000, 0x00000005df600000| Complete 
| 252|0x00000005df800000, 0x00000005dfa00000, 0x00000005dfa00000|100%| E|CS|TAMS 0x00000005df800000, 0x00000005df800000| Complete 
| 253|0x00000005dfa00000, 0x00000005dfc00000, 0x00000005dfc00000|100%| E|CS|TAMS 0x00000005dfa00000, 0x00000005dfa00000| Complete 
| 254|0x00000005dfc00000, 0x00000005dfe00000, 0x00000005dfe00000|100%| E|CS|TAMS 0x00000005dfc00000, 0x00000005dfc00000| Complete 
| 255|0x00000005dfe00000, 0x00000005e0000000, 0x00000005e0000000|100%| E|CS|TAMS 0x00000005dfe00000, 0x00000005dfe00000| Complete 

Card table byte_map: [0x000000011bc04000,0x000000011cc04000] _byte_map_base: 0x0000000118e04000

Marking Bits (Prev, Next): (CMBitMap*) 0x000000012b811650, (CMBitMap*) 0x000000012b811618
 Prev Bits: [0x0000000138000000, 0x0000000140000000)
 Next Bits: [0x000000011dc04000, 0x0000000125c04000)

Polling page: 0x0000000100460000

Metaspace:

Usage:
  Non-class:     21.51 MB capacity,    20.96 MB ( 97%) used,   451.34 KB (  2%) free+waste,   105.69 KB ( <1%) overhead. 
      Class:      3.37 MB capacity,     2.96 MB ( 88%) used,   359.86 KB ( 10%) free+waste,    53.25 KB (  2%) overhead. 
       Both:     24.88 MB capacity,    23.93 MB ( 96%) used,   811.20 KB (  3%) free+waste,   158.94 KB ( <1%) overhead. 

Virtual space:
  Non-class space:       22.00 MB reserved,      21.67 MB ( 99%) committed 
      Class space:        1.00 GB reserved,       3.38 MB ( <1%) committed 
             Both:        1.02 GB reserved,      25.05 MB (  2%) committed 

Chunk freelists:
   Non-Class:  0 bytes
       Class:  0 bytes
        Both:  0 bytes

MaxMetaspaceSize: unlimited
CompressedClassSpaceSize: 1.00 GB
Initial GC threshold: 20.80 MB
Current GC threshold: 35.08 MB
CDS: off

CodeHeap 'non-profiled nmethods': size=120032Kb used=1123Kb max_used=1123Kb free=118908Kb
 bounds [0x00000001136cc000, 0x000000011393c000, 0x000000011ac04000]
CodeHeap 'profiled nmethods': size=120016Kb used=4862Kb max_used=4862Kb free=115154Kb
 bounds [0x000000010c198000, 0x000000010c658000, 0x00000001136cc000]
CodeHeap 'non-nmethods': size=5712Kb used=1387Kb max_used=1447Kb free=4324Kb
 bounds [0x000000010bc04000, 0x000000010be74000, 0x000000010c198000]
 total_blobs=3169 nmethods=2405 adapters=680
 compilation: enabled
              stopped_count=0, restarted_count=0
 full_count=0

Compilation events (20 events):
Event: 7.407 Thread 0x000000012980e800 nmethod 2404 0x000000010c652a10 code [0x000000010c652bc0, 0x000000010c652ec0]
Event: 7.407 Thread 0x000000012980e800 2405       3       com.sun.prism.es2.GLContext::drawIndexedQuads (11 bytes)
Event: 7.407 Thread 0x000000012980e800 nmethod 2405 0x000000010c653010 code [0x000000010c6531c0, 0x000000010c6533c0]
Event: 7.407 Thread 0x000000012980e800 2406       3       com.sun.prism.impl.VertexBuffer::setPerVertexColor (63 bytes)
Event: 7.407 Thread 0x000000012980e800 nmethod 2406 0x000000010c653490 code [0x000000010c653680, 0x000000010c6538d0]
Event: 7.407 Thread 0x000000012980e800 2407       3       com.sun.prism.es2.ES2Context::updateShaderTransform (160 bytes)
Event: 7.408 Thread 0x000000012980e800 nmethod 2407 0x000000010c653990 code [0x000000010c653cc0, 0x000000010c654ad0]
Event: 7.408 Thread 0x000000012980e800 2410       3       com.sun.javafx.util.Logging::getLayoutLogger (18 bytes)
Event: 7.408 Thread 0x000000012980e800 nmethod 2410 0x000000010c655010 code [0x000000010c655200, 0x000000010c655480]
Event: 7.408 Thread 0x000000012980e800 2411  s    1       com.sun.scenario.effect.impl.prism.ps.PPSRenderer::getRendererState (5 bytes)
Event: 7.408 Thread 0x000000012980e800 nmethod 2411 0x00000001137db610 code [0x00000001137db7c0, 0x00000001137dbad0]
Event: 7.408 Thread 0x000000012980e800 2408       3       com.sun.prism.es2.ES2Context::updateRawMatrix (197 bytes)
Event: 7.408 Thread 0x000000012980e800 nmethod 2408 0x000000010c655590 code [0x000000010c655880, 0x000000010c656790]
Event: 7.408 Thread 0x000000012980e800 2409       3       com.sun.prism.es2.ES2Graphics::transform (23 bytes)
Event: 7.408 Thread 0x000000012980e800 nmethod 2409 0x000000010c656e10 code [0x000000010c657040, 0x000000010c6575d0]
Event: 7.461 Thread 0x000000012a025800 nmethod 2361 0x00000001137dbb90 code [0x00000001137dc780, 0x00000001137e20b0]
Event: 7.461 Thread 0x000000012a025800 2368       4       java.lang.reflect.Modifier::isPublic (12 bytes)
Event: 7.461 Thread 0x000000012a025800 nmethod 2368 0x00000001137e4810 code [0x00000001137e49c0, 0x00000001137e4a20]
Event: 7.461 Thread 0x000000012a025800 2389       4       javafx.scene.Node::getParent (22 bytes)
Event: 7.461 Thread 0x000000012a025800 nmethod 2389 0x00000001137e4b10 code [0x00000001137e4cc0, 0x00000001137e4e00]

GC Heap History (2 events):
Event: 0.566 GC heap before
{Heap before GC invocations=0 (full 0):
 garbage-first heap   total 524288K, used 26624K [0x00000005c0000000, 0x00000007c0000000)
  region size 2048K, 12 young (24576K), 0 survivors (0K)
 Metaspace       used 20467K, capacity 21106K, committed 21296K, reserved 1067008K
  class space    used 2571K, capacity 2847K, committed 2944K, reserved 1048576K
}
Event: 0.570 GC heap after
{Heap after GC invocations=1 (full 0):
 garbage-first heap   total 524288K, used 11505K [0x00000005c0000000, 0x00000007c0000000)
  region size 2048K, 2 young (4096K), 2 survivors (4096K)
 Metaspace       used 20467K, capacity 21106K, committed 21296K, reserved 1067008K
  class space    used 2571K, capacity 2847K, committed 2944K, reserved 1048576K
}

Deoptimization events (20 events):
Event: 0.683 Thread 0x000000012b05f800 DEOPT PACKING pc=0x000000010c4bb734 sp=0x000000017219d470
Event: 0.683 Thread 0x000000012b05f800 DEOPT UNPACKING pc=0x000000010bc3927c sp=0x000000017219d1c0 mode 0
Event: 2.658 Thread 0x000000012b05f800 DEOPT PACKING pc=0x000000010c4bb670 sp=0x000000017219d470
Event: 2.658 Thread 0x000000012b05f800 DEOPT UNPACKING pc=0x000000010bc3927c sp=0x000000017219d1c0 mode 0
Event: 2.659 Thread 0x000000012b05f800 DEOPT PACKING pc=0x000000010c4bb734 sp=0x000000017219d470
Event: 2.659 Thread 0x000000012b05f800 DEOPT UNPACKING pc=0x000000010bc3927c sp=0x000000017219d1c0 mode 0
Event: 2.953 Thread 0x000000012b05f800 DEOPT PACKING pc=0x000000010c513a5c sp=0x000000017219cd20
Event: 2.953 Thread 0x000000012b05f800 DEOPT UNPACKING pc=0x000000010bc3927c sp=0x000000017219ca40 mode 0
Event: 4.801 Thread 0x000000012b05f800 DEOPT PACKING pc=0x000000010c558ca0 sp=0x000000017219d6b0
Event: 4.801 Thread 0x000000012b05f800 DEOPT UNPACKING pc=0x000000010bc3927c sp=0x000000017219d390 mode 0
Event: 5.708 Thread 0x000000012b05f800 Uncommon trap: trap_request=0xffffff4d fr.pc=0x00000001137a8478 relative=0x0000000000001638
Event: 5.708 Thread 0x000000012b05f800 Uncommon trap: reason=unstable_if action=reinterpret pc=0x00000001137a8478 method=com.sun.marlin.DRenderer._endRendering(IILcom/sun/marlin/MarlinAlphaConsumer;)V @ 1942 c2
Event: 5.708 Thread 0x000000012b05f800 DEOPT PACKING pc=0x00000001137a8478 sp=0x000000017219c990
Event: 5.708 Thread 0x000000012b05f800 DEOPT UNPACKING pc=0x000000010bc38d9c sp=0x000000017219c790 mode 2
Event: 5.708 Thread 0x000000012b05f800 Uncommon trap: trap_request=0xffffff4d fr.pc=0x000000011379da58 relative=0x0000000000001c18
Event: 5.708 Thread 0x000000012b05f800 Uncommon trap: reason=unstable_if action=reinterpret pc=0x000000011379da58 method=com.sun.marlin.DRenderer._endRendering(IILcom/sun/marlin/MarlinAlphaConsumer;)V @ 1942 c2
Event: 5.708 Thread 0x000000012b05f800 DEOPT PACKING pc=0x000000011379da58 sp=0x000000017219c900
Event: 5.708 Thread 0x000000012b05f800 DEOPT UNPACKING pc=0x000000010bc38d9c sp=0x000000017219c790 mode 2
Event: 7.010 Thread 0x000000012b05f800 DEOPT PACKING pc=0x000000010c6012a0 sp=0x000000017219d6b0
Event: 7.010 Thread 0x000000012b05f800 DEOPT UNPACKING pc=0x000000010bc3927c sp=0x000000017219d390 mode 0

Classes redefined (0 events):
No events

Internal exceptions (20 events):
Event: 0.393 Thread 0x000000012bae4000 Exception <a 'java/lang/NoSuchMethodError'{0x00000005dee84168}: 'void java.lang.invoke.DirectMethodHandle$Holder.invokeStaticInit(java.lang.Object, java.lang.Object)'> (0x00000005dee84168) thrown at [src/hotspot/share/interpreter/linkResolver.cpp, line 773]
Event: 0.395 Thread 0x000000012bae4000 Exception <a 'java/lang/NoSuchMethodError'{0x00000005dee9cc80}: 'void java.lang.invoke.DirectMethodHandle$Holder.invokeSpecial(java.lang.Object, java.lang.Object, java.lang.Object, java.lang.Object)'> (0x00000005dee9cc80) thrown at [src/hotspot/share/interpreter/linkResolver.cpp, line 773]
Event: 0.479 Thread 0x000000012bae4000 Exception <a 'java/lang/NoSuchMethodError'{0x00000005ded1ebe0}: 'java.lang.Object java.lang.invoke.Invokers$Holder.linkToTargetMethod(java.lang.Object, int, java.lang.Object)'> (0x00000005ded1ebe0) thrown at [src/hotspot/share/interpreter/linkResolver.cpp, line 773]
Event: 0.492 Thread 0x000000012bae4000 Implicit null exception at 0x000000011372d07c to 0x000000011372d3d0
Event: 0.492 Thread 0x000000012bae4000 Implicit null exception at 0x000000011373c87c to 0x000000011373c8fc
Event: 0.495 Thread 0x000000012bae4000 Implicit null exception at 0x000000011372da54 to 0x000000011372dabc
Event: 0.537 Thread 0x000000012bae4000 Exception <a 'java/lang/ClassNotFoundException'{0x00000005deaddc40}: com/sun/javafx/scene/control/skin/resources/controls> (0x00000005deaddc40) thrown at [src/hotspot/share/prims/jni.cpp, line 637]
Event: 0.538 Thread 0x000000012bae4000 Exception <a 'java/lang/ClassNotFoundException'{0x00000005deaeb798}: com/sun/javafx/scene/control/skin/resources/controls_en> (0x00000005deaeb798) thrown at [src/hotspot/share/prims/jni.cpp, line 637]
Event: 0.538 Thread 0x000000012bae4000 Exception <a 'java/lang/ClassNotFoundException'{0x00000005deaeca28}: com/sun/javafx/scene/control/skin/resources/controls_en_SG> (0x00000005deaeca28) thrown at [src/hotspot/share/prims/jni.cpp, line 637]
Event: 0.559 Thread 0x000000012bae4000 Exception <a 'java/lang/NoSuchMethodError'{0x00000005de894818}: 'java.lang.Object java.lang.invoke.DirectMethodHandle$Holder.invokeInterface(java.lang.Object, java.lang.Object, java.lang.Object)'> (0x00000005de894818) thrown at [src/hotspot/share/interpreter/linkResolver.cpp, line 773]
Event: 0.559 Thread 0x000000012bae4000 Exception <a 'java/lang/IncompatibleClassChangeError'{0x00000005de897a70}: Found class java.lang.Object, but interface was expected> (0x00000005de897a70) thrown at [src/hotspot/share/interpreter/linkResolver.cpp, line 839]
Event: 0.651 Thread 0x000000012b05f800 Exception <a 'java/lang/NoSuchMethodError'{0x00000005dfd26820}: 'int java.lang.invoke.DirectMethodHandle$Holder.invokeStaticInit(java.lang.Object, java.lang.Object)'> (0x00000005dfd26820) thrown at [src/hotspot/share/interpreter/linkResolver.cpp, line 773]
Event: 0.658 Thread 0x000000012bae4000 Exception <a 'java/lang/NoSuchMethodError'{0x00000005dfc8a5b0}: 'long java.lang.invoke.DirectMethodHandle$Holder.invokeStaticInit(java.lang.Object, java.lang.Object, java.lang.Object)'> (0x00000005dfc8a5b0) thrown at [src/hotspot/share/interpreter/linkResolver.cpp, line 773]
Event: 0.659 Thread 0x000000012bae4000 Exception <a 'java/lang/NoSuchMethodError'{0x00000005dfca2bf8}: 'java.lang.Object java.lang.invoke.DirectMethodHandle$Holder.invokeStatic(java.lang.Object, java.lang.Object, long)'> (0x00000005dfca2bf8) thrown at [src/hotspot/share/interpreter/linkResolver.cpp, line 773]
Event: 0.659 Thread 0x000000012bae4000 Exception <a 'java/lang/NoSuchMethodError'{0x00000005dfca8d70}: 'java.lang.Object java.lang.invoke.Invokers$Holder.linkToTargetMethod(java.lang.Object, long, java.lang.Object)'> (0x00000005dfca8d70) thrown at [src/hotspot/share/interpreter/linkResolver.cpp, line 773]
Event: 5.685 Thread 0x000000012bae4000 Exception <a 'java/lang/NoSuchMethodError'{0x00000005df8adc88}: 'java.lang.Object java.lang.invoke.DirectMethodHandle$Holder.invokeStatic(java.lang.Object, java.lang.Object, java.lang.Object, java.lang.Object, java.lang.Object, java.lang.Object, java.lang.Object, java.lang.Object, java.lang.Object, java.lang.Object, java.lang.Object, java.lang.Object, java.lang.Object, int)'> (0x00000005df8adc88) thrown at [src/hotspot/share/interpreter/linkResolver.cpp, line 773]
Event: 5.685 Thread 0x000000012bae4000 Exception <a 'java/lang/NoSuchMethodError'{0x00000005df8ba128}: 'java.lang.Object java.lang.invoke.DirectMethodHandle$Holder.invokeStatic(java.lang.Object, java.lang.Object, java.lang.Object, java.lang.Object, java.lang.Object, java.lang.Object, java.lang.Object, java.lang.Object, java.lang.Object, java.lang.Object, java.lang.Object, java.lang.Object, java.lang.Object, int, int)'> (0x00000005df8ba128) thrown at [src/hotspot/share/interpreter/linkResolver.cpp, line 773]
Event: 5.686 Thread 0x000000012bae4000 Exception <a 'java/lang/NoSuchMethodError'{0x00000005df8c69a8}: 'java.lang.Object java.lang.invoke.DirectMethodHandle$Holder.invokeStatic(java.lang.Object, java.lang.Object, java.lang.Object, java.lang.Object, java.lang.Object, java.lang.Object, java.lang.Object, java.lang.Object, java.lang.Object, java.lang.Object, java.lang.Object, java.lang.Object, java.lang.Object, int, int, java.lang.Object)'> (0x00000005df8c69a8) thrown at [src/hotspot/share/interpreter/linkResolver.cpp, line 773]
Event: 5.707 Thread 0x000000012b05f800 Exception <a 'java/lang/NoSuchMethodError'{0x00000005dfb23420}: 'java.lang.Object java.lang.invoke.DirectMethodHandle$Holder.invokeStaticInit(java.lang.Object, int)'> (0x00000005dfb23420) thrown at [src/hotspot/share/interpreter/linkResolver.cpp, line 773]
Event: 7.389 Thread 0x000000012bae4000 Exception <a 'java/lang/NoSuchMethodError'{0x00000005df712270}: 'java.lang.Object java.lang.invoke.DelegatingMethodHandle$Holder.reinvoke_L(java.lang.Object, int, java.lang.Object)'> (0x00000005df712270) thrown at [src/hotspot/share/interpreter/linkResolver.cpp, line 773]

Events (20 events):
Event: 5.686 Executing VM operation: RevokeBias
Event: 5.686 Executing VM operation: RevokeBias done
Event: 5.686 Executing VM operation: RevokeBias
Event: 5.687 Executing VM operation: RevokeBias done
Event: 5.687 loading class java/io/FileWriter
Event: 5.687 loading class java/io/FileWriter done
Event: 5.690 Executing VM operation: RevokeBias
Event: 5.690 Executing VM operation: RevokeBias done
Event: 5.692 loading class java/io/FileOutputStream$1
Event: 5.692 loading class java/io/FileOutputStream$1 done
Event: 5.694 loading class jdk/internal/reflect/BootstrapConstructorAccessorImpl
Event: 5.694 loading class jdk/internal/reflect/BootstrapConstructorAccessorImpl done
Event: 5.702 Executing VM operation: RevokeBias
Event: 5.702 Executing VM operation: RevokeBias done
Event: 5.702 Executing VM operation: RevokeBias
Event: 5.702 Executing VM operation: RevokeBias done
Event: 5.707 Executing VM operation: RevokeBias
Event: 5.707 Executing VM operation: RevokeBias done
Event: 5.708 Executing VM operation: RevokeBias
Event: 5.708 Executing VM operation: RevokeBias done


Dynamic libraries:
0x000000010040c000 	/Users/benmurphy/Library/Java/JavaVirtualMachines/liberica-11.0.13/lib/jli/libjli.dylib
0x00000001c0072000 	/System/Library/Frameworks/Cocoa.framework/Versions/A/Cocoa
0x00000001ac5eb000 	/System/Library/Frameworks/AppKit.framework/Versions/C/AppKit
0x00000001afb21000 	/System/Library/Frameworks/CoreData.framework/Versions/A/CoreData
0x00000001aa948000 	/System/Library/Frameworks/Foundation.framework/Versions/C/Foundation
0x00000001b446d000 	/usr/lib/libSystem.B.dylib
0x00000001ad4a2000 	/System/Library/PrivateFrameworks/UIFoundation.framework/Versions/A/UIFoundation
0x00000001ba36b000 	/System/Library/PrivateFrameworks/RemoteViewServices.framework/Versions/A/RemoteViewServices
0x00000001b2984000 	/System/Library/PrivateFrameworks/XCTTargetBootstrap.framework/Versions/A/XCTTargetBootstrap
0x00000001b616e000 	/System/Library/PrivateFrameworks/InternationalSupport.framework/Versions/A/InternationalSupport
0x00000001b61f7000 	/System/Library/PrivateFrameworks/UserActivity.framework/Versions/A/UserActivity
0x00000001b569c000 	/usr/lib/libspindump.dylib
0x00000001ad712000 	/System/Library/Frameworks/UniformTypeIdentifiers.framework/Versions/A/UniformTypeIdentifiers
0x00000001b0f11000 	/usr/lib/libapp_launch_measurement.dylib
0x00000001b0489000 	/System/Library/PrivateFrameworks/CoreAnalytics.framework/Versions/A/CoreAnalytics
0x00000001b0f14000 	/System/Library/PrivateFrameworks/CoreAutoLayout.framework/Versions/A/CoreAutoLayout
0x00000001b2287000 	/System/Library/Frameworks/Metal.framework/Versions/A/Metal
0x00000001b2fd6000 	/usr/lib/liblangid.dylib
0x00000001b2988000 	/System/Library/PrivateFrameworks/CoreSVG.framework/Versions/A/CoreSVG
0x00000001aebd9000 	/System/Library/PrivateFrameworks/SkyLight.framework/Versions/A/SkyLight
0x00000001aefa6000 	/System/Library/Frameworks/CoreGraphics.framework/Versions/A/CoreGraphics
0x00000001ba9e9000 	/System/Library/Frameworks/Accelerate.framework/Versions/A/Accelerate
0x00000001b5110000 	/System/Library/PrivateFrameworks/IconServices.framework/Versions/A/IconServices
0x00000001b2269000 	/System/Library/Frameworks/IOSurface.framework/Versions/A/IOSurface
0x00000001b04b9000 	/usr/lib/libDiagnosticMessagesClient.dylib
0x00000001b43bd000 	/usr/lib/libz.1.dylib
0x00000001bde32000 	/System/Library/Frameworks/ApplicationServices.framework/Versions/A/ApplicationServices
0x00000001b296c000 	/System/Library/PrivateFrameworks/DFRFoundation.framework/Versions/A/DFRFoundation
0x00000001abe8c000 	/usr/lib/libicucore.A.dylib
0x00000001b6f6f000 	/System/Library/Frameworks/AudioToolbox.framework/Versions/A/AudioToolbox
0x00000001b617a000 	/System/Library/PrivateFrameworks/DataDetectorsCore.framework/Versions/A/DataDetectorsCore
0x00000001cc2c8000 	/System/Library/PrivateFrameworks/TextInput.framework/Versions/A/TextInput
0x00000001aeb50000 	/usr/lib/libMobileGestalt.dylib
0x00000001b263c000 	/System/Library/Frameworks/Carbon.framework/Versions/A/Frameworks/HIToolbox.framework/Versions/A/HIToolbox
0x00000001b091a000 	/System/Library/Frameworks/QuartzCore.framework/Versions/A/QuartzCore
0x00000001abb09000 	/System/Library/Frameworks/Security.framework/Versions/A/Security
0x00000001ba3ab000 	/System/Library/Frameworks/Carbon.framework/Versions/A/Frameworks/SpeechRecognition.framework/Versions/A/SpeechRecognition
0x00000001b0c68000 	/System/Library/PrivateFrameworks/CoreUI.framework/Versions/A/CoreUI
0x00000001ab3da000 	/System/Library/Frameworks/CoreAudio.framework/Versions/A/CoreAudio
0x00000001b05ad000 	/System/Library/Frameworks/DiskArbitration.framework/Versions/A/DiskArbitration
0x00000001b5a81000 	/System/Library/PrivateFrameworks/MultitouchSupport.framework/Versions/A/MultitouchSupport
0x00000001aeb4e000 	/usr/lib/libenergytrace.dylib
0x00000001ac4b5000 	/System/Library/Frameworks/IOKit.framework/Versions/A/IOKit
0x00000001ba794000 	/System/Library/Frameworks/CoreServices.framework/Versions/A/CoreServices
0x00000001b0ea1000 	/System/Library/PrivateFrameworks/PerformanceAnalysis.framework/Versions/A/PerformanceAnalysis
0x000000020ae75000 	/System/Library/Frameworks/OpenGL.framework/Versions/A/OpenGL
0x00000001b3a27000 	/System/Library/PrivateFrameworks/MobileKeyBag.framework/Versions/A/MobileKeyBag
0x00000001a9892000 	/usr/lib/libobjc.A.dylib
0x00000001af5b6000 	/System/Library/Frameworks/ColorSync.framework/Versions/A/ColorSync
0x00000001a9a54000 	/System/Library/Frameworks/CoreFoundation.framework/Versions/A/CoreFoundation
0x00000001b2c09000 	/System/Library/Frameworks/CoreImage.framework/Versions/A/CoreImage
0x00000001ab1fd000 	/System/Library/Frameworks/CoreText.framework/Versions/A/CoreText
0x00000001b29b8000 	/System/Library/Frameworks/ImageIO.framework/Versions/A/ImageIO
0x00000001b4473000 	/System/Library/PrivateFrameworks/SoftLinking.framework/Versions/A/SoftLinking
0x00000001b0f5e000 	/usr/lib/libxml2.2.dylib
0x00000001a9952000 	/usr/lib/libc++.1.dylib
0x00000001b470c000 	/usr/lib/libcompression.dylib
0x00000001b60c7000 	/System/Library/PrivateFrameworks/TextureIO.framework/Versions/A/TextureIO
0x00000001b4e2a000 	/usr/lib/libate.dylib
0x00000001b4467000 	/usr/lib/system/libcache.dylib
0x00000001b4425000 	/usr/lib/system/libcommonCrypto.dylib
0x00000001b444e000 	/usr/lib/system/libcompiler_rt.dylib
0x00000001b4445000 	/usr/lib/system/libcopyfile.dylib
0x00000001a97a6000 	/usr/lib/system/libcorecrypto.dylib
0x00000001a984b000 	/usr/lib/system/libdispatch.dylib
0x00000001a9a13000 	/usr/lib/system/libdyld.dylib
0x00000001b445d000 	/usr/lib/system/libkeymgr.dylib
0x00000001b4407000 	/usr/lib/system/libmacho.dylib
0x00000001b3b07000 	/usr/lib/system/libquarantine.dylib
0x00000001b445a000 	/usr/lib/system/libremovefile.dylib
0x00000001aeba5000 	/usr/lib/system/libsystem_asl.dylib
0x00000001a9750000 	/usr/lib/system/libsystem_blocks.dylib
0x00000001a98d1000 	/usr/lib/system/libsystem_c.dylib
0x00000001b4452000 	/usr/lib/system/libsystem_collections.dylib
0x00000001b2fc6000 	/usr/lib/system/libsystem_configuration.dylib
0x00000001b224a000 	/usr/lib/system/libsystem_containermanager.dylib
0x00000001b416e000 	/usr/lib/system/libsystem_coreservices.dylib
0x00000001ac137000 	/usr/lib/system/libsystem_darwin.dylib
0x00000001b445e000 	/usr/lib/system/libsystem_dnssd.dylib
0x00000001a98ce000 	/usr/lib/system/libsystem_featureflags.dylib
0x00000001a9a28000 	/usr/lib/system/libsystem_info.dylib
0x00000001b43cf000 	/usr/lib/system/libsystem_m.dylib
0x00000001a9820000 	/usr/lib/system/libsystem_malloc.dylib
0x00000001aeb36000 	/usr/lib/system/libsystem_networkextension.dylib
0x00000001ac58b000 	/usr/lib/system/libsystem_notify.dylib
0x00000001ba671000 	/usr/lib/system/libsystem_product_info_filter.dylib
0x00000001b2fcb000 	/usr/lib/system/libsystem_sandbox.dylib
0x00000001b4457000 	/usr/lib/system/libsystem_secinit.dylib
0x00000001a99d0000 	/usr/lib/system/libsystem_kernel.dylib
0x00000001a9a20000 	/usr/lib/system/libsystem_platform.dylib
0x00000001a9a06000 	/usr/lib/system/libsystem_pthread.dylib
0x00000001b02e2000 	/usr/lib/system/libsystem_symptoms.dylib
0x00000001a978c000 	/usr/lib/system/libsystem_trace.dylib
0x00000001b4432000 	/usr/lib/system/libunwind.dylib
0x00000001a9752000 	/usr/lib/system/libxpc.dylib
0x00000001a99b6000 	/usr/lib/libc++abi.dylib
0x00000001b443d000 	/usr/lib/liboah.dylib
0x00000001b4cf2000 	/usr/lib/liblzma.5.dylib
0x00000001aa63c000 	/System/Library/Frameworks/SystemConfiguration.framework/Versions/A/SystemConfiguration
0x00000001b446f000 	/usr/lib/libfakelink.dylib
0x00000001ae67d000 	/System/Library/Frameworks/CFNetwork.framework/Versions/A/CFNetwork
0x00000001b45b6000 	/usr/lib/libarchive.2.dylib
0x00000001b2fd2000 	/System/Library/PrivateFrameworks/AppleSystemInfo.framework/Versions/A/AppleSystemInfo
0x00000001b3b32000 	/usr/lib/libbsm.0.dylib
0x00000001adbb5000 	/usr/lib/libnetwork.dylib
0x00000001b440d000 	/usr/lib/system/libkxld.dylib
0x00000001b3749000 	/System/Library/PrivateFrameworks/IOMobileFramebuffer.framework/Versions/A/IOMobileFramebuffer
0x0000000226ca6000 	/usr/lib/libCoreEntitlements.dylib
0x00000001b4150000 	/System/Library/PrivateFrameworks/AppleFSCompression.framework/Versions/A/AppleFSCompression
0x00000001b3b1a000 	/usr/lib/libcoretls.dylib
0x00000001b4d0b000 	/usr/lib/libcoretls_cfhelpers.dylib
0x00000001b4707000 	/usr/lib/libpam.2.dylib
0x00000001aff0a000 	/usr/lib/libsqlite3.dylib
0x00000001b4d73000 	/usr/lib/libxar.1.dylib
0x00000001b4161000 	/usr/lib/libbz2.1.0.dylib
0x00000001b4474000 	/usr/lib/libpcap.A.dylib
0x00000001b02d9000 	/usr/lib/libdns_services.dylib
0x00000001b46da000 	/usr/lib/libapple_nghttp2.dylib
0x00000001b44b1000 	/usr/lib/libiconv.2.dylib
0x00000001b4406000 	/usr/lib/libcharset.1.dylib
0x00000001b0edd000 	/System/Library/Frameworks/CoreServices.framework/Versions/A/Frameworks/FSEvents.framework/Versions/A/FSEvents
0x00000001ac142000 	/System/Library/Frameworks/CoreServices.framework/Versions/A/Frameworks/CarbonCore.framework/Versions/A/CarbonCore
0x00000001b0510000 	/System/Library/Frameworks/CoreServices.framework/Versions/A/Frameworks/Metadata.framework/Versions/A/Metadata
0x00000001b4174000 	/System/Library/Frameworks/CoreServices.framework/Versions/A/Frameworks/OSServices.framework/Versions/A/OSServices
0x00000001b463c000 	/System/Library/Frameworks/CoreServices.framework/Versions/A/Frameworks/SearchKit.framework/Versions/A/SearchKit
0x00000001b0267000 	/System/Library/Frameworks/CoreServices.framework/Versions/A/Frameworks/AE.framework/Versions/A/AE
0x00000001a9f98000 	/System/Library/Frameworks/CoreServices.framework/Versions/A/Frameworks/LaunchServices.framework/Versions/A/LaunchServices
0x00000001b4c9b000 	/System/Library/Frameworks/CoreServices.framework/Versions/A/Frameworks/DictionaryServices.framework/Versions/A/DictionaryServices
0x00000001b0eea000 	/System/Library/Frameworks/CoreServices.framework/Versions/A/Frameworks/SharedFileList.framework/Versions/A/SharedFileList
0x00000001b3b0a000 	/usr/lib/libCheckFix.dylib
0x00000001aebbd000 	/System/Library/PrivateFrameworks/TCC.framework/Versions/A/TCC
0x00000001b2fd8000 	/System/Library/PrivateFrameworks/CoreNLP.framework/Versions/A/CoreNLP
0x00000001b04bc000 	/System/Library/PrivateFrameworks/MetadataUtilities.framework/Versions/A/MetadataUtilities
0x00000001aa6f5000 	/usr/lib/libmecabra.dylib
0x00000001b3b43000 	/usr/lib/libmecab.dylib
0x00000001aa6c1000 	/usr/lib/libCRFSuite.dylib
0x00000001b3ba1000 	/usr/lib/libgermantok.dylib
0x00000001b46b3000 	/usr/lib/libThaiTokenizer.dylib
0x00000001b05b5000 	/System/Library/Frameworks/Accelerate.framework/Versions/A/Frameworks/vImage.framework/Versions/A/vImage
0x00000001ba76b000 	/System/Library/Frameworks/Accelerate.framework/Versions/A/Frameworks/vecLib.framework/Versions/A/vecLib
0x00000001b4db7000 	/System/Library/Frameworks/Accelerate.framework/Versions/A/Frameworks/vecLib.framework/Versions/A/libvMisc.dylib
0x00000001b3653000 	/System/Library/Frameworks/Accelerate.framework/Versions/A/Frameworks/vecLib.framework/Versions/A/libvDSP.dylib
0x00000001aa31b000 	/System/Library/Frameworks/Accelerate.framework/Versions/A/Frameworks/vecLib.framework/Versions/A/libBLAS.dylib
0x00000001b47db000 	/System/Library/Frameworks/Accelerate.framework/Versions/A/Frameworks/vecLib.framework/Versions/A/libLAPACK.dylib
0x00000001b3ba4000 	/System/Library/Frameworks/Accelerate.framework/Versions/A/Frameworks/vecLib.framework/Versions/A/libLinearAlgebra.dylib
0x00000001b46f2000 	/System/Library/Frameworks/Accelerate.framework/Versions/A/Frameworks/vecLib.framework/Versions/A/libSparseBLAS.dylib
0x00000001b47d6000 	/System/Library/Frameworks/Accelerate.framework/Versions/A/Frameworks/vecLib.framework/Versions/A/libQuadrature.dylib
0x00000001b30cf000 	/System/Library/Frameworks/Accelerate.framework/Versions/A/Frameworks/vecLib.framework/Versions/A/libBNNS.dylib
0x00000001aa5d9000 	/System/Library/Frameworks/Accelerate.framework/Versions/A/Frameworks/vecLib.framework/Versions/A/libSparse.dylib
0x00000001b30c7000 	/System/Library/PrivateFrameworks/LinguisticData.framework/Versions/A/LinguisticData
0x00000001aa58f000 	/System/Library/PrivateFrameworks/Lexicon.framework/Versions/A/Lexicon
0x00000001b4daf000 	/usr/lib/libChineseTokenizer.dylib
0x00000001aad36000 	/System/Library/PrivateFrameworks/LanguageModeling.framework/Versions/A/LanguageModeling
0x00000001b46b5000 	/System/Library/PrivateFrameworks/AppleSauce.framework/Versions/A/AppleSauce
0x00000001b3736000 	/System/Library/PrivateFrameworks/CoreEmoji.framework/Versions/A/CoreEmoji
0x00000001b45a4000 	/usr/lib/libcmph.dylib
0x00000001b0ebd000 	/System/Library/Frameworks/OpenDirectory.framework/Versions/A/Frameworks/CFOpenDirectory.framework/Versions/A/CFOpenDirectory
0x00000001b0ead000 	/System/Library/Frameworks/OpenDirectory.framework/Versions/A/OpenDirectory
0x00000001b4d0d000 	/System/Library/PrivateFrameworks/APFS.framework/Versions/A/APFS
0x00000001b3a62000 	/System/Library/Frameworks/SecurityFoundation.framework/Versions/A/SecurityFoundation
0x00000001b4d81000 	/usr/lib/libutil.dylib
0x00000001ac477000 	/System/Library/PrivateFrameworks/CoreServicesStore.framework/Versions/A/CoreServicesStore
0x00000001b4d85000 	/usr/lib/libxslt.1.dylib
0x00000001b3af6000 	/System/Library/PrivateFrameworks/BackgroundTaskManagement.framework/Versions/A/BackgroundTaskManagement
0x00000001b5fe8000 	/System/Library/Frameworks/ImageIO.framework/Versions/A/Resources/libRadiance.dylib
0x00000001b5ff1000 	/System/Library/Frameworks/ImageIO.framework/Versions/A/Resources/libJPEG.dylib
0x00000001b5f43000 	/System/Library/Frameworks/ImageIO.framework/Versions/A/Resources/libPng.dylib
0x00000001b5f65000 	/System/Library/Frameworks/ImageIO.framework/Versions/A/Resources/libTIFF.dylib
0x00000001b604c000 	/System/Library/Frameworks/ImageIO.framework/Versions/A/Resources/libGIF.dylib
0x00000001b5991000 	/System/Library/Frameworks/ImageIO.framework/Versions/A/Resources/libJP2.dylib
0x00000001b50d6000 	/usr/lib/libexpat.1.dylib
0x00000001b594c000 	/System/Library/PrivateFrameworks/AppleJPEG.framework/Versions/A/AppleJPEG
0x00000001b24fb000 	/System/Library/PrivateFrameworks/FontServices.framework/libFontParser.dylib
0x00000001b020c000 	/System/Library/PrivateFrameworks/RunningBoardServices.framework/Versions/A/RunningBoardServices
0x00000001c06e8000 	/System/Library/PrivateFrameworks/IOSurfaceAccelerator.framework/Versions/A/IOSurfaceAccelerator
0x00000001b5a7d000 	/System/Library/PrivateFrameworks/WatchdogClient.framework/Versions/A/WatchdogClient
0x00000001aae3a000 	/System/Library/Frameworks/CoreDisplay.framework/Versions/A/CoreDisplay
0x00000001b23e9000 	/System/Library/Frameworks/CoreMedia.framework/Versions/A/CoreMedia
0x00000001b227d000 	/System/Library/PrivateFrameworks/IOAccelerator.framework/Versions/A/IOAccelerator
0x00000001b104b000 	/System/Library/Frameworks/CoreVideo.framework/Versions/A/CoreVideo
0x00000001b4705000 	/System/Library/Frameworks/MetalPerformanceShaders.framework/Versions/A/MetalPerformanceShaders
0x00000001b5aba000 	/System/Library/Frameworks/VideoToolbox.framework/Versions/A/VideoToolbox
0x00000001b0150000 	/System/Library/PrivateFrameworks/BaseBoard.framework/Versions/A/BaseBoard
0x00000001afeef000 	/System/Library/PrivateFrameworks/ProtocolBuffer.framework/Versions/A/ProtocolBuffer
0x00000001b5fe3000 	/System/Library/PrivateFrameworks/GPUWrangler.framework/Versions/A/GPUWrangler
0x00000001b5fc2000 	/System/Library/PrivateFrameworks/IOPresentment.framework/Versions/A/IOPresentment
0x00000001b5feb000 	/System/Library/PrivateFrameworks/DSExternalDisplay.framework/Versions/A/DSExternalDisplay
0x000000020ae68000 	/System/Library/Frameworks/OpenGL.framework/Versions/A/Libraries/libCoreFSCache.dylib
0x0000000214653000 	/System/Library/PrivateFrameworks/GPUCompiler.framework/Versions/31001/Libraries/libGPUCompilerUtils.dylib
0x00000001b6051000 	/System/Library/PrivateFrameworks/CMCaptureCore.framework/Versions/A/CMCaptureCore
0x00000001b568a000 	/System/Library/PrivateFrameworks/AppServerSupport.framework/Versions/A/AppServerSupport
0x00000001b782a000 	/System/Library/PrivateFrameworks/perfdata.framework/Versions/A/perfdata
0x00000001aaf5a000 	/System/Library/PrivateFrameworks/AudioToolboxCore.framework/Versions/A/AudioToolboxCore
0x00000001b23c1000 	/System/Library/PrivateFrameworks/caulk.framework/Versions/A/caulk
0x00000001b711f000 	/usr/lib/libAudioStatistics.dylib
0x00000001c8a3c000 	/System/Library/PrivateFrameworks/SystemPolicy.framework/Versions/A/SystemPolicy
0x00000001b737f000 	/usr/lib/libSMC.dylib
0x00000001bff54000 	/System/Library/Frameworks/CoreMIDI.framework/Versions/A/CoreMIDI
0x00000001b5f11000 	/usr/lib/libAudioToolboxUtility.dylib
0x00000001c4e69000 	/System/Library/PrivateFrameworks/OSAServicesClient.framework/Versions/A/OSAServicesClient
0x00000001b7837000 	/usr/lib/libperfcheck.dylib
0x00000001c9543000 	/usr/lib/libmis.dylib
0x000000020aec9000 	/System/Library/Frameworks/OpenGL.framework/Versions/A/Libraries/libGLU.dylib
0x000000020ae88000 	/System/Library/Frameworks/OpenGL.framework/Versions/A/Libraries/libGFXShared.dylib
0x000000020b072000 	/System/Library/Frameworks/OpenGL.framework/Versions/A/Libraries/libGL.dylib
0x000000020ae91000 	/System/Library/Frameworks/OpenGL.framework/Versions/A/Libraries/libGLImage.dylib
0x000000020ae85000 	/System/Library/Frameworks/OpenGL.framework/Versions/A/Libraries/libCVMSPluginSupport.dylib
0x000000020ae6f000 	/System/Library/Frameworks/OpenGL.framework/Versions/A/Libraries/libCoreVMClient.dylib
0x00000001b2f53000 	/System/Library/Frameworks/MetalPerformanceShaders.framework/Versions/A/Frameworks/MPSCore.framework/Versions/A/MPSCore
0x00000001b40c3000 	/System/Library/Frameworks/MetalPerformanceShaders.framework/Versions/A/Frameworks/MPSImage.framework/Versions/A/MPSImage
0x00000001b3bb9000 	/System/Library/Frameworks/MetalPerformanceShaders.framework/Versions/A/Frameworks/MPSNeuralNetwork.framework/Versions/A/MPSNeuralNetwork
0x00000001b3ff6000 	/System/Library/Frameworks/MetalPerformanceShaders.framework/Versions/A/Frameworks/MPSMatrix.framework/Versions/A/MPSMatrix
0x00000001b3dd1000 	/System/Library/Frameworks/MetalPerformanceShaders.framework/Versions/A/Frameworks/MPSRayIntersector.framework/Versions/A/MPSRayIntersector
0x00000001b4027000 	/System/Library/Frameworks/MetalPerformanceShaders.framework/Versions/A/Frameworks/MPSNDArray.framework/Versions/A/MPSNDArray
0x000000020cba0000 	/System/Library/Frameworks/MetalPerformanceShaders.framework/Versions/A/Frameworks/MPSFunctions.framework/Versions/A/MPSFunctions
0x00000001aa1f9000 	/System/Library/PrivateFrameworks/MetalTools.framework/Versions/A/MetalTools
0x00000001b2fd0000 	/System/Library/PrivateFrameworks/AggregateDictionary.framework/Versions/A/AggregateDictionary
0x00000001b4ebc000 	/usr/lib/libIOReport.dylib
0x00000001bef3b000 	/System/Library/PrivateFrameworks/ASEProcessing.framework/Versions/A/ASEProcessing
0x00000001b522f000 	/System/Library/PrivateFrameworks/FaceCore.framework/Versions/A/FaceCore
0x00000001b5221000 	/System/Library/PrivateFrameworks/GraphVisualizer.framework/Versions/A/GraphVisualizer
0x000000021456a000 	/System/Library/PrivateFrameworks/FontServices.framework/Versions/A/FontServices
0x00000001b5644000 	/System/Library/PrivateFrameworks/OTSVG.framework/Versions/A/OTSVG
0x00000001b0c19000 	/System/Library/Frameworks/ApplicationServices.framework/Versions/A/Frameworks/ATS.framework/Versions/A/Resources/libFontRegistry.dylib
0x00000001b5693000 	/System/Library/PrivateFrameworks/FontServices.framework/libhvf.dylib
0x000000021456b000 	/System/Library/PrivateFrameworks/FontServices.framework/libXTFontStaticRegistryData.dylib
0x000000020b214000 	/System/Library/Frameworks/OpenCL.framework/Versions/A/OpenCL
0x00000001b508a000 	/System/Library/PrivateFrameworks/AppleVA.framework/Versions/A/AppleVA
0x00000001b7147000 	/System/Library/Frameworks/ApplicationServices.framework/Versions/A/Frameworks/ATS.framework/Versions/A/ATS
0x00000001af6b3000 	/System/Library/Frameworks/ApplicationServices.framework/Versions/A/Frameworks/HIServices.framework/Versions/A/HIServices
0x00000001b605b000 	/System/Library/Frameworks/ApplicationServices.framework/Versions/A/Frameworks/PrintCore.framework/Versions/A/PrintCore
0x00000001b74d2000 	/System/Library/Frameworks/ApplicationServices.framework/Versions/A/Frameworks/QD.framework/Versions/A/QD
0x00000001b74ca000 	/System/Library/Frameworks/ApplicationServices.framework/Versions/A/Frameworks/ColorSyncLegacy.framework/Versions/A/ColorSyncLegacy
0x00000001b7133000 	/System/Library/Frameworks/ApplicationServices.framework/Versions/A/Frameworks/SpeechSynthesis.framework/Versions/A/SpeechSynthesis
0x00000001b601c000 	/System/Library/Frameworks/ApplicationServices.framework/Versions/A/Frameworks/ATSUI.framework/Versions/A/ATSUI
0x00000001b745f000 	/usr/lib/libcups.2.dylib
0x00000001b7845000 	/System/Library/Frameworks/Kerberos.framework/Versions/A/Kerberos
0x00000001b7856000 	/System/Library/Frameworks/GSS.framework/Versions/A/GSS
0x00000001b71b6000 	/usr/lib/libresolv.9.dylib
0x00000001b56a1000 	/System/Library/PrivateFrameworks/Heimdal.framework/Versions/A/Heimdal
0x00000001be1aa000 	/System/Library/Frameworks/Kerberos.framework/Versions/A/Libraries/libHeimdalProxy.dylib
0x00000001b02eb000 	/System/Library/Frameworks/Network.framework/Versions/A/Network
0x00000001b50f1000 	/usr/lib/libheimdal-asn1.dylib
0x00000001b789c000 	/System/Library/PrivateFrameworks/CommonAuth.framework/Versions/A/CommonAuth
0x00000001b70ad000 	/System/Library/PrivateFrameworks/AudioSession.framework/Versions/A/AudioSession
0x00000001b5182000 	/System/Library/PrivateFrameworks/MediaExperience.framework/Versions/A/MediaExperience
0x00000001b6f35000 	/System/Library/PrivateFrameworks/AudioSession.framework/libSessionUtility.dylib
0x00000001b74de000 	/System/Library/PrivateFrameworks/AudioResourceArbitration.framework/Versions/A/AudioResourceArbitration
0x00000001bb5e9000 	/System/Library/PrivateFrameworks/PowerLog.framework/Versions/A/PowerLog
0x00000001b50fa000 	/System/Library/PrivateFrameworks/IconFoundation.framework/Versions/A/IconFoundation
0x00000001ba397000 	/System/Library/PrivateFrameworks/SpeechRecognitionCore.framework/Versions/A/SpeechRecognitionCore
0x0000000101284000 	/Users/benmurphy/Library/Java/JavaVirtualMachines/liberica-11.0.13/lib/server/libjvm.dylib
0x0000000100474000 	/Users/benmurphy/Library/Java/JavaVirtualMachines/liberica-11.0.13/lib/libverify.dylib
0x00000001004c0000 	/Users/benmurphy/Library/Java/JavaVirtualMachines/liberica-11.0.13/lib/libjava.dylib
0x000000010048c000 	/Users/benmurphy/Library/Java/JavaVirtualMachines/liberica-11.0.13/lib/libjimage.dylib
0x0000000100534000 	/Users/benmurphy/Library/Java/JavaVirtualMachines/liberica-11.0.13/lib/libzip.dylib
0x000000010110c000 	/Users/benmurphy/Library/Java/JavaVirtualMachines/liberica-11.0.13/lib/libnio.dylib
0x000000010112c000 	/Users/benmurphy/Library/Java/JavaVirtualMachines/liberica-11.0.13/lib/libnet.dylib
0x0000000101150000 	/Users/benmurphy/Library/Java/JavaVirtualMachines/liberica-11.0.13/lib/libprism_es2.dylib
0x00000001ac43a000 	/System/Library/PrivateFrameworks/CoreServicesInternal.framework/Versions/A/CoreServicesInternal
0x000000020b07c000 	/System/Library/Frameworks/OpenGL.framework/Versions/A/Resources/GLEngine.bundle/GLEngine
0x000000020af03000 	/System/Library/Frameworks/OpenGL.framework/Versions/A/Libraries/libGLProgrammability.dylib
0x0000000127c0c000 	/System/Library/Extensions/AppleMetalOpenGLRenderer.bundle/Contents/MacOS/AppleMetalOpenGLRenderer
0x000000020b1eb000 	/System/Library/Frameworks/OpenGL.framework/Versions/A/Resources/GLRendererFloat.bundle/GLRendererFloat
0x00000001ef084000 	/System/Library/Extensions/AGXMetalG13X.bundle/Contents/MacOS/AGXMetalG13X
0x00000001c955f000 	/System/Library/PrivateFrameworks/GPURawCounter.framework/Versions/A/GPURawCounter
0x00000001c3fed000 	/System/Library/PrivateFrameworks/IOGPU.framework/Versions/A/IOGPU
0x00000001290a8000 	/Users/benmurphy/Library/Java/JavaVirtualMachines/liberica-11.0.13/lib/libglass.dylib
0x00000001bb83d000 	/System/Library/Frameworks/FileProvider.framework/Versions/A/FileProvider
0x00000001b00b8000 	/System/Library/Frameworks/Accounts.framework/Versions/A/Accounts
0x00000001bb9bd000 	/System/Library/PrivateFrameworks/GenerationalStorage.framework/Versions/A/GenerationalStorage
0x00000001bc573000 	/System/Library/PrivateFrameworks/CoreSymbolication.framework/Versions/A/CoreSymbolication
0x00000001bb5dd000 	/System/Library/PrivateFrameworks/SymptomDiagnosticReporter.framework/Versions/A/SymptomDiagnosticReporter
0x00000001ad726000 	/System/Library/PrivateFrameworks/DesktopServicesPriv.framework/Versions/A/DesktopServicesPriv
0x00000001ac59a000 	/usr/lib/libsandbox.1.dylib
0x00000001b10d8000 	/System/Library/PrivateFrameworks/UserManagement.framework/Versions/A/UserManagement
0x00000001bc534000 	/System/Library/PrivateFrameworks/DebugSymbols.framework/Versions/A/DebugSymbols
0x00000001b74bd000 	/System/Library/PrivateFrameworks/NetAuth.framework/Versions/A/NetAuth
0x00000001b83c0000 	/System/Library/PrivateFrameworks/Sharing.framework/Versions/A/Sharing
0x00000001b10a8000 	/System/Library/PrivateFrameworks/login.framework/Versions/A/Frameworks/loginsupport.framework/Versions/A/loginsupport
0x00000001bd6ec000 	/System/Library/PrivateFrameworks/Apple80211.framework/Versions/A/Apple80211
0x00000001b41a7000 	/System/Library/PrivateFrameworks/AuthKit.framework/Versions/A/AuthKit
0x00000001b3835000 	/System/Library/PrivateFrameworks/CoreUtils.framework/Versions/A/CoreUtils
0x00000001b3755000 	/System/Library/Frameworks/CoreWLAN.framework/Versions/A/CoreWLAN
0x00000001b852a000 	/System/Library/Frameworks/IOBluetooth.framework/Versions/A/IOBluetooth
0x00000001bd74c000 	/System/Library/PrivateFrameworks/CoreWiFi.framework/Versions/A/CoreWiFi
0x00000001bc11b000 	/System/Library/PrivateFrameworks/FrontBoardServices.framework/Versions/A/FrontBoardServices
0x00000001bc1b3000 	/System/Library/PrivateFrameworks/BoardServices.framework/Versions/A/BoardServices
0x00000001b3a50000 	/System/Library/PrivateFrameworks/AssertionServices.framework/Versions/A/AssertionServices
0x00000001bd8ba000 	/System/Library/PrivateFrameworks/BackBoardServices.framework/Versions/A/BackBoardServices
0x00000001b792f000 	/System/Library/PrivateFrameworks/CorePhoneNumbers.framework/Versions/A/CorePhoneNumbers
0x00000001bb70d000 	/System/Library/PrivateFrameworks/DiskManagement.framework/Versions/A/DiskManagement
0x00000001bb610000 	/System/Library/PrivateFrameworks/AppleIDAuthSupport.framework/Versions/A/AppleIDAuthSupport
0x000000020ee8a000 	/System/Library/PrivateFrameworks/AAAFoundation.framework/Versions/A/AAAFoundation
0x00000001b790e000 	/System/Library/PrivateFrameworks/KeychainCircle.framework/Versions/A/KeychainCircle
0x00000001bb6d9000 	/System/Library/PrivateFrameworks/MediaKit.framework/Versions/A/MediaKit
0x00000001bb61d000 	/System/Library/Frameworks/DiscRecording.framework/Versions/A/DiscRecording
0x00000001b5006000 	/usr/lib/libCoreStorage.dylib
0x00000001bdbb6000 	/usr/lib/libcsfde.dylib
0x00000001b85ff000 	/System/Library/PrivateFrameworks/ProtectedCloudStorage.framework/Versions/A/ProtectedCloudStorage
0x00000001bdbae000 	/System/Library/PrivateFrameworks/EFILogin.framework/Versions/A/EFILogin
0x00000001bb9e4000 	/System/Library/PrivateFrameworks/OctagonTrust.framework/Versions/A/OctagonTrust
0x00000002137b6000 	/System/Library/PrivateFrameworks/CoreUtilsExtras.framework/Versions/A/CoreUtilsExtras
0x00000001bb552000 	/System/Library/Frameworks/CoreBluetooth.framework/Versions/A/CoreBluetooth
0x00000001be22f000 	/System/Library/Frameworks/AudioUnit.framework/Versions/A/AudioUnit
0x00000001b4ffe000 	/usr/lib/libMatch.1.dylib
0x00000001cd855000 	/System/Library/Frameworks/Accelerate.framework/Versions/A/Frameworks/vImage.framework/Versions/A/Libraries/libCGInterfaces.dylib
0x0000000129550000 	/usr/lib/libobjc-trampolines.dylib
0x00000001b0da5000 	/System/Library/PrivateFrameworks/ViewBridge.framework/Versions/A/ViewBridge
0x00000001b574f000 	/System/Library/PrivateFrameworks/login.framework/Versions/A/login
0x0000000159fc4000 	/Users/benmurphy/Library/Java/JavaVirtualMachines/liberica-11.0.13/lib/libjavafx_font.dylib
0x0000000226e20000 	/usr/lib/libRosetta.dylib
0x00000001baa72000 	/System/Library/PrivateFrameworks/SystemAdministration.framework/Versions/A/SystemAdministration
0x00000001b6265000 	/System/Library/Frameworks/MediaToolbox.framework/Versions/A/MediaToolbox
0x00000001ba35f000 	/System/Library/Frameworks/DirectoryService.framework/Versions/A/DirectoryService
0x00000001bda43000 	/System/Library/PrivateFrameworks/DiskImages.framework/Versions/A/DiskImages
0x00000001b3b01000 	/System/Library/Frameworks/ServiceManagement.framework/Versions/A/ServiceManagement
0x00000001bdc29000 	/System/Library/PrivateFrameworks/LoginUIKit.framework/Versions/A/Frameworks/LoginUICore.framework/Versions/A/LoginUICore
0x00000001b5905000 	/usr/lib/libodfde.dylib
0x00000001bb809000 	/System/Library/PrivateFrameworks/CoreAVCHD.framework/Versions/A/CoreAVCHD
0x00000001baa34000 	/System/Library/Frameworks/MediaAccessibility.framework/Versions/A/MediaAccessibility
0x00000001bb805000 	/System/Library/PrivateFrameworks/Mangrove.framework/Versions/A/Mangrove
0x00000001baa41000 	/System/Library/PrivateFrameworks/AlgosScoreFramework.framework/Versions/A/AlgosScoreFramework
0x0000000210a8f000 	/System/Library/PrivateFrameworks/CMPhoto.framework/Versions/A/CMPhoto
0x00000001bb7f9000 	/System/Library/PrivateFrameworks/CoreAUC.framework/Versions/A/CoreAUC
0x00000001bdbc2000 	/usr/lib/libcurl.4.dylib
0x00000001bd918000 	/usr/lib/libcrypto.44.dylib
0x00000001bda16000 	/usr/lib/libssl.46.dylib
0x00000001bd8da000 	/System/Library/Frameworks/LDAP.framework/Versions/A/LDAP
0x00000001bd916000 	/System/Library/PrivateFrameworks/TrustEvaluationAgent.framework/Versions/A/TrustEvaluationAgent
0x00000001b71cf000 	/usr/lib/libsasl2.2.dylib
0x00000001baa67000 	/System/Library/PrivateFrameworks/CoreDaemon.framework/Versions/B/CoreDaemon
0x00000001baa61000 	/System/Library/PrivateFrameworks/AppleSRP.framework/Versions/A/AppleSRP


VM Arguments:
jvm_args: -Dfile.encoding=UTF-8 -Duser.country=SG -Duser.language=en -Duser.variant 
java_command: duke.Duke
java_class_path (initial): /Users/benmurphy/Desktop/cs2103/ip/build/classes/java/main:/Users/benmurphy/Desktop/cs2103/ip/build/resources/main:/Users/benmurphy/.gradle/caches/modules-2/files-2.1/org.openjfx/javafx-fxml/11/d5ff9262ef49d166db658d15f37e3ecff38fde4b/javafx-fxml-11-win.jar:/Users/benmurphy/.gradle/caches/modules-2/files-2.1/org.openjfx/javafx-fxml/11/e0f5bb81e21054b59f2ebfa727d40a90ee0260d3/javafx-fxml-11-mac.jar:/Users/benmurphy/.gradle/caches/modules-2/files-2.1/org.openjfx/javafx-fxml/11/e7a757b580fc3e2e1a121768606c7836eef418c/javafx-fxml-11-linux.jar:/Users/benmurphy/.gradle/caches/modules-2/files-2.1/org.openjfx/javafx-controls/11/af8d24de44e16a19ae959028eb23a48c145fb682/javafx-controls-11-win.jar:/Users/benmurphy/.gradle/caches/modules-2/files-2.1/org.openjfx/javafx-controls/11/e3a24a14e8732abc6dc173f15872dc63e2a32e16/javafx-controls-11-mac.jar:/Users/benmurphy/.gradle/caches/modules-2/files-2.1/org.openjfx/javafx-controls/11/794488e3b1f4635d9a1b842bdc872a5eb8fd54ca/javafx-controls-11-linux.jar:/Users/benmurphy/.gradle/caches/modules-2/files-2.1/org.openjfx/javafx-controls/11/58d961774262ec972bf304e16c154a8e18c2050b/javafx-controls-11.jar:/Users/benmurphy/.gradle/caches/modules-2/files-2.1/org.openjfx/javafx-graphics/11/9345c7ea43dbcc73a62eca5332717b4ce617e6c6/javafx-graphics-11-win.jar:/Users/benmurphy/.gradle/caches/modules-2/files-2.1/org.openjfx/javafx-graphics/11/af47a6d3668d3ce1c61e1fe13c44471b6f8d469/javafx-graphics-11-mac.jar:/Users/benmurphy/.gradle/caches/modules-2/files-2.1/org.openjfx/javafx-graphics/11/4ab9edd8d481a420044c473fdb5718ccdd35c836/javafx-graphics-11-linux.jar:/Users/benmurphy/.gradle/caches/modules-2/files-2.1/org.openjfx/javafx-graphics/11/a736dd079047ec0b72b8c4970842a5c5e0c19f2f/javafx-graphics-11.jar:/Users/benmurphy/.gradle/caches/modules-2/files-2.1/org.openjfx/javafx-base/11/ad3a4acfaa28b484d30c40c1f009445cc3f6e68b/javafx-base-11-win.jar:/Users/benmurphy/.gradle/caches/modules-2/files-2.1/org.openjfx/javafx-base/11/4
Launcher Type: SUN_STANDARD

[Global flags]
     intx CICompilerCount                          = 4                                         {product} {ergonomic}
     uint ConcGCThreads                            = 2                                         {product} {ergonomic}
     uint G1ConcRefinementThreads                  = 9                                         {product} {ergonomic}
   size_t G1HeapRegionSize                         = 2097152                                   {product} {ergonomic}
    uintx GCDrainStackTargetSize                   = 64                                        {product} {ergonomic}
   size_t InitialHeapSize                          = 536870912                                 {product} {ergonomic}
   size_t MarkStackSize                            = 4194304                                   {product} {ergonomic}
   size_t MaxHeapSize                              = 8589934592                                {product} {ergonomic}
   size_t MaxNewSize                               = 5152702464                                {product} {ergonomic}
   size_t MinHeapDeltaBytes                        = 2097152                                   {product} {ergonomic}
    uintx NonNMethodCodeHeapSize                   = 5836492                                {pd product} {ergonomic}
    uintx NonProfiledCodeHeapSize                  = 122910874                              {pd product} {ergonomic}
    uintx ProfiledCodeHeapSize                     = 122910874                              {pd product} {ergonomic}
    uintx ReservedCodeCacheSize                    = 251658240                              {pd product} {ergonomic}
     bool SegmentedCodeCache                       = true                                      {product} {ergonomic}
     bool UseCompressedClassPointers               = true                                 {lp64_product} {ergonomic}
     bool UseCompressedOops                        = true                                 {lp64_product} {ergonomic}
     bool UseG1GC                                  = true                                      {product} {ergonomic}

Logging:
Log output configuration:
 #0: stdout all=warning uptime,level,tags
 #1: stderr all=off uptime,level,tags

Environment Variables:
JAVA_HOME=/Users/benmurphy/.sdkman/candidates/java/current
PATH=/Users/benmurphy/.sdkman/candidates/java/current/bin:/Users/benmurphy/miniforge3/bin:/Users/benmurphy/.nvm/versions/node/v17.0.1/bin:/usr/local/bin:/usr/bin:/bin:/usr/sbin:/sbin:/opt/homebrew/bin:~/bash_scripts:/Users/benmurphy/Library/Python/3.8/bin:/usr/local:/Library/Apple/usr/bin
SHELL=/bin/zsh
LC_CTYPE=en_SG.UTF-8

Signal Handlers:
SIGSEGV: [libjvm.dylib+0x6c44fc], sa_mask[0]=11111111011111110111111111111111, sa_flags=SA_ONSTACK|SA_RESTART|SA_SIGINFO
SIGBUS: [libjvm.dylib+0x6c44fc], sa_mask[0]=11111111011111110111111111111111, sa_flags=SA_RESTART|SA_SIGINFO
SIGFPE: [libjvm.dylib+0x6c44fc], sa_mask[0]=11111111011111110111111111111111, sa_flags=SA_RESTART|SA_SIGINFO
SIGPIPE: [libjvm.dylib+0x57f900], sa_mask[0]=11111111011111110111111111111111, sa_flags=SA_RESTART|SA_SIGINFO
SIGXFSZ: [libjvm.dylib+0x57f900], sa_mask[0]=11111111011111110111111111111111, sa_flags=SA_RESTART|SA_SIGINFO
SIGILL: [libjvm.dylib+0x6c44fc], sa_mask[0]=11111111011111110111111111111111, sa_flags=SA_RESTART|SA_SIGINFO
SIGUSR2: [libjvm.dylib+0x57ff00], sa_mask[0]=00100000000000000000000000000000, sa_flags=SA_RESTART|SA_SIGINFO
SIGHUP: [libjvm.dylib+0x57e6b4], sa_mask[0]=11111111011111110111111111111111, sa_flags=SA_RESTART|SA_SIGINFO
SIGINT: [libjvm.dylib+0x57e6b4], sa_mask[0]=11111111011111110111111111111111, sa_flags=SA_RESTART|SA_SIGINFO
SIGTERM: [libjvm.dylib+0x57e6b4], sa_mask[0]=11111111011111110111111111111111, sa_flags=SA_RESTART|SA_SIGINFO
SIGQUIT: [libjvm.dylib+0x57e6b4], sa_mask[0]=11111111011111110111111111111111, sa_flags=SA_RESTART|SA_SIGINFO


---------------  S Y S T E M  ---------------

OS:uname:Darwin 21.3.0 Darwin Kernel Version 21.3.0: Wed Jan  5 21:37:58 PST 2022; root:xnu-8019.80.24~20/RELEASE_ARM64_T6000 arm64
OS uptime: 9 days 0:50 hours
rlimit (soft/hard): STACK 8176k/65520k , CORE 0k/infinity , NPROC 5333/8000 , NOFILE 10240/infinity , AS infinity/infinity , CPU infinity/infinity , DATA infinity/infinity , FSIZE infinity/infinity , MEMLOCK infinity/infinity , RSS infinity/infinity
load average:2.31 2.24 2.20

CPU:total 10 (initial active 10) 0x61:0x0:0x1b588bb3:0, simd, crc, lse

Memory: 16k page, physical 33554432k(238448k free), swap 1048576k(1022208k free)

vm_info: OpenJDK 64-Bit Server VM (11.0.13+8-LTS) for bsd-aarch64 JRE (11.0.13+8-LTS), built on Oct 17 2021 12:00:02 by "bellsoft" with clang Apple LLVM 12.0.0 (clang-1200.0.32.28)

END.
